<?xml version="1.0"?>
<!--Phoronix Test Suite v10.8.4-->
<PhoronixTestSuite>
  <TestInformation>
    <Title>QuadRay</Title>
    <AppVersion>2022.05.25</AppVersion>
    <Description>VectorChief's QuadRay is a real-time ray-tracing engine written to support SIMD across ARM, MIPS, PPC, and x86/x86_64 processors. QuadRay supports SSE/SSE2/SSE4 and AVX/AVX2/AVX-512 usage on Intel/AMD CPUs.</Description>
    <ResultScale>FPS</ResultScale>
    <Proportion>HIB</Proportion>
    <TimesToRun>3</TimesToRun>
  </TestInformation>
  <TestProfile>
    <Version>1.0.0</Version>
    <SupportedPlatforms>Linux</SupportedPlatforms>
    <SoftwareType>Utility</SoftwareType>
    <TestType>Processor</TestType>
    <License>Free</License>
    <Status>Verified</Status>
    <ExternalDependencies>build-utilities, xorg-development</ExternalDependencies>
    <RequiresDisplay>TRUE</RequiresDisplay>
    <EnvironmentSize>36</EnvironmentSize>
    <ProjectURL>https://github.com/VectorChief/QuadRay-engine/</ProjectURL>
    <RepositoryURL>https://github.com/VectorChief/QuadRay-engine</RepositoryURL>
    <InternalTags>SMP</InternalTags>
    <Maintainer>Michael Larabel</Maintainer>
    <SystemDependencies>X11/extensions/Xext.h, libXext.so</SystemDependencies>
  </TestProfile>
  <TestSettings>
    <Default>
      <PostArguments> -a 4 -q  -b 1000 -e 20000</PostArguments>
    </Default>
    <Option>
      <DisplayName>Scene</DisplayName>
      <Identifier>scene</Identifier>
      <ArgumentPrefix>-d </ArgumentPrefix>
      <Menu>
        <Entry>
          <Name>1</Name>
          <Value>1</Value>
        </Entry>
        <Entry>
          <Name>2</Name>
          <Value>2</Value>
        </Entry>
        <Entry>
          <Name>3</Name>
          <Value>3</Value>
        </Entry>
        <Entry>
          <Name>5</Name>
          <Value>5</Value>
        </Entry>
      </Menu>
    </Option>
    <Option>
      <DisplayName>Resolution</DisplayName>
      <Identifier>resolution</Identifier>
      <Menu>
        <Entry>
          <Name>1080p</Name>
          <Value>-x 1920 -y 1080</Value>
        </Entry>
        <Entry>
          <Name>4K</Name>
          <Value>-x 3840 -y 2160</Value>
        </Entry>
      </Menu>
    </Option>
  </TestSettings>
</PhoronixTestSuite>
