<?xml version="1.0"?>
<!--Phoronix Test Suite v10.8.2-->
<PhoronixTestSuite>
  <TestInformation>
    <Title>fast-cli</Title>
    <Description>This test profile uses the open-source fast-cli client to benchmark your Internet connection's upload/download performance and latency against Netflix's fast.com service.</Description>
    <ResultScale>Mbit/s</ResultScale>
    <Proportion>HIB</Proportion>
    <TimesToRun>3</TimesToRun>
  </TestInformation>
  <TestProfile>
    <Version>1.0.0</Version>
    <SupportedPlatforms>Linux, BSD, MacOSX</SupportedPlatforms>
    <SoftwareType>Utility</SoftwareType>
    <TestType>Network</TestType>
    <License>Free</License>
    <Status>Verified</Status>
    <ExternalDependencies>node-npm</ExternalDependencies>
    <RequiresNetwork>TRUE</RequiresNetwork>
    <RequiresInternet>TRUE</RequiresInternet>
    <EnvironmentSize>1</EnvironmentSize>
    <ProjectURL>https://fast.com/</ProjectURL>
    <RepositoryURL>https://github.com/sindresorhus/fast-cli</RepositoryURL>
    <Maintainer>Michael Larabel</Maintainer>
  </TestProfile>
</PhoronixTestSuite>
