<?xml version="1.0"?>
<!--Phoronix Test Suite v10.8.4-->
<PhoronixTestSuite>
  <TestInformation>
    <Title>PETSc</Title>
    <AppVersion>3.19</AppVersion>
    <Description>PETSc, the Portable, Extensible Toolkit for Scientific Computation, is for the scalable (parallel) solution of scientific applications modeled by partial differential equations. This test profile runs the PETSc "make streams" benchmark and records the throughput rate when all available cores are utilized for the MPI Streams build.</Description>
    <ResultScale>MB/s</ResultScale>
    <Proportion>HIB</Proportion>
    <TimesToRun>3</TimesToRun>
  </TestInformation>
  <TestProfile>
    <Version>1.0.0</Version>
    <SupportedPlatforms>Linux</SupportedPlatforms>
    <SoftwareType>Utility</SoftwareType>
    <TestType>System</TestType>
    <License>Free</License>
    <Status>Verified</Status>
    <ExternalDependencies>python, build-utilities, fortran-compiler</ExternalDependencies>
    <InstallRequiresInternet>TRUE</InstallRequiresInternet>
    <EnvironmentSize>900</EnvironmentSize>
    <ProjectURL>https://petsc.org/</ProjectURL>
    <RepositoryURL>https://github.com/petsc/petsc</RepositoryURL>
    <Maintainer>Michael Larabel</Maintainer>
  </TestProfile>
  <TestSettings>
    <Option>
      <DisplayName>Test</DisplayName>
      <Identifier>test</Identifier>
      <Menu>
        <Entry>
          <Name>Streams</Name>
          <Value>streams</Value>
        </Entry>
      </Menu>
    </Option>
  </TestSettings>
</PhoronixTestSuite>
