<?xml version="1.0"?>
<!--Phoronix Test Suite v10.8.4-->
<PhoronixTestSuite>
  <TestInformation>
    <Title>Timed GCC Compilation</Title>
    <AppVersion>13.2</AppVersion>
    <Description>This test times how long it takes to build the GNU Compiler Collection (GCC) open-source compiler.</Description>
    <ResultScale>Seconds</ResultScale>
    <Proportion>LIB</Proportion>
    <SubTitle>Time To Compile</SubTitle>
    <TimesToRun>3</TimesToRun>
  </TestInformation>
  <TestProfile>
    <Version>1.4.0</Version>
    <SupportedPlatforms>Linux, BSD, MacOSX</SupportedPlatforms>
    <SoftwareType>Utility</SoftwareType>
    <TestType>Processor</TestType>
    <License>Free</License>
    <Status>Verified</Status>
    <ExternalDependencies>build-utilities, bison, flex, gmp-library</ExternalDependencies>
    <ProjectURL>https://gcc.gnu.org/</ProjectURL>
    <RepositoryURL>https://gcc.gnu.org/git/gitweb.cgi?p=gcc.git</RepositoryURL>
    <InternalTags>SMP</InternalTags>
    <Maintainer>Michael Larabel</Maintainer>
    <SystemDependencies>mpfr.h, mpc.h</SystemDependencies>
  </TestProfile>
</PhoronixTestSuite>
