<?xml version="1.0"?>
<!--Phoronix Test Suite v10.8.2-->
<PhoronixTestSuite>
  <TestInformation>
    <Title>Facebook RocksDB</Title>
    <AppVersion>7.0.1</AppVersion>
    <Description>This is a benchmark of Facebook's RocksDB as an embeddable persistent key-value store for fast storage based on Google's LevelDB.</Description>
    <ResultScale>Op/s</ResultScale>
    <Proportion>HIB</Proportion>
    <TimesToRun>3</TimesToRun>
  </TestInformation>
  <TestProfile>
    <Version>1.2.0</Version>
    <SupportedPlatforms>Linux</SupportedPlatforms>
    <SoftwareType>Utility</SoftwareType>
    <TestType>System</TestType>
    <License>Free</License>
    <Status>Verified</Status>
    <ExternalDependencies>build-utilities, bc, gflags, cmake, snappy</ExternalDependencies>
    <EnvironmentSize>740</EnvironmentSize>
    <ProjectURL>https://rocksdb.org/</ProjectURL>
    <RepositoryURL>https://github.com/facebook/rocksdb</RepositoryURL>
    <Maintainer>Michael Larabel</Maintainer>
  </TestProfile>
  <TestSettings>
    <Option>
      <DisplayName>Test</DisplayName>
      <Identifier>test</Identifier>
      <Menu>
        <Entry>
          <Name>Sequential Fill</Name>
          <Value>--benchmarks="fillseq"</Value>
        </Entry>
        <Entry>
          <Name>Random Fill</Name>
          <Value>--benchmarks="fillrandom"</Value>
        </Entry>
        <Entry>
          <Name>Random Fill Sync</Name>
          <Value>--benchmarks="fillsync"</Value>
        </Entry>
        <Entry>
          <Name>Random Read</Name>
          <Value>--benchmarks="readrandom"</Value>
        </Entry>
        <Entry>
          <Name>Read While Writing</Name>
          <Value>--benchmarks="readwhilewriting"</Value>
        </Entry>
        <Entry>
          <Name>Read Random Write Random</Name>
          <Value>--benchmarks="readrandomwriterandom"</Value>
        </Entry>
        <Entry>
          <Name>Update Random</Name>
          <Value>--benchmarks="updaterandom"</Value>
        </Entry>
      </Menu>
    </Option>
  </TestSettings>
</PhoronixTestSuite>
