<?xml version="1.0"?>
<!--Phoronix Test Suite v10.8.4-->
<PhoronixTestSuite>
  <TestInformation>
    <Title>Timed Godot Game Engine Compilation</Title>
    <AppVersion>4.0</AppVersion>
    <Description>This test times how long it takes to compile the Godot Game Engine. Godot is a popular, open-source, cross-platform 2D/3D game engine and is built using the SCons build system and targeting the X11 platform.</Description>
    <ResultScale>Seconds</ResultScale>
    <Proportion>LIB</Proportion>
    <SubTitle>Time To Compile</SubTitle>
    <TimesToRun>3</TimesToRun>
  </TestInformation>
  <TestProfile>
    <Version>4.0.0</Version>
    <SupportedPlatforms>Linux, BSD, MacOSX</SupportedPlatforms>
    <SoftwareType>Utility</SoftwareType>
    <TestType>Processor</TestType>
    <License>Free</License>
    <Status>Verified</Status>
    <ExternalDependencies>build-utilities, scons, python, yasm</ExternalDependencies>
    <EnvironmentSize>322</EnvironmentSize>
    <ProjectURL>https://godotengine.org/</ProjectURL>
    <RepositoryURL>https://github.com/godotengine/godot</RepositoryURL>
    <InternalTags>SMP</InternalTags>
    <Maintainer>Michael Larabel</Maintainer>
    <SystemDependencies>scons, pkg-config, X11/Xlib.h, X11/Xcursor/Xcursor.h, X11/extensions/Xinerama.h, GL/gl.h, asoundlib.h, pulse/volume.h, libudev.h, X11/extensions/XInput2.h, X11/extensions/Xrandr.h, stdc++.so</SystemDependencies>
  </TestProfile>
</PhoronixTestSuite>
