<?xml version="1.0"?>
<!--Phoronix Test Suite v10.8.3-->
<PhoronixTestSuite>
  <TestInformation>
    <Title>OSPRay</Title>
    <AppVersion>2.10</AppVersion>
    <Description>Intel OSPRay is a portable ray-tracing engine for high-performance, high-fidelity scientific visualizations. OSPRay builds off Intel's Embree and Intel SPMD Program Compiler (ISPC) components as part of the oneAPI rendering toolkit.</Description>
    <ResultScale>Items Per Second</ResultScale>
    <Proportion>HIB</Proportion>
    <TimesToRun>3</TimesToRun>
  </TestInformation>
  <TestProfile>
    <Version>2.10.0</Version>
    <SupportedPlatforms>Linux, Windows, MacOSX</SupportedPlatforms>
    <SoftwareType>Utility</SoftwareType>
    <TestType>Processor</TestType>
    <License>Free</License>
    <Status>Verified</Status>
    <SupportedArchitectures>x86_64</SupportedArchitectures>
    <EnvironmentSize>152</EnvironmentSize>
    <ProjectURL>https://www.ospray.org/</ProjectURL>
    <RepositoryURL>https://github.com/ospray/ospray</RepositoryURL>
    <InternalTags>SMP</InternalTags>
    <Maintainer>Michael Larabel</Maintainer>
  </TestProfile>
  <TestSettings>
    <Option>
      <DisplayName>Benchmark</DisplayName>
      <Identifier>benchmark</Identifier>
      <ArgumentPrefix>--benchmark_filter=</ArgumentPrefix>
      <Menu>
        <Entry>
          <Name>gravity_spheres_volume/dim_512/ao/real_time</Name>
          <Value>gravity_spheres_volume/dim_512/ao/real_time</Value>
        </Entry>
        <Entry>
          <Name>gravity_spheres_volume/dim_512/scivis/real_time</Name>
          <Value>gravity_spheres_volume/dim_512/scivis/real_time</Value>
        </Entry>
        <Entry>
          <Name>gravity_spheres_volume/dim_512/pathtracer/real_time</Name>
          <Value>gravity_spheres_volume/dim_512/pathtracer/real_time</Value>
        </Entry>
        <Entry>
          <Name>particle_volume/ao/real_time</Name>
          <Value>particle_volume/ao/real_time</Value>
        </Entry>
        <Entry>
          <Name>particle_volume/scivis/real_time</Name>
          <Value>particle_volume/scivis/real_time</Value>
        </Entry>
        <Entry>
          <Name>particle_volume/pathtracer/real_time</Name>
          <Value>particle_volume/pathtracer/real_time</Value>
        </Entry>
      </Menu>
    </Option>
  </TestSettings>
</PhoronixTestSuite>
