<?xml version="1.0"?>
<!--Phoronix Test Suite v10.8.4-->
<PhoronixTestSuite>
  <TestInformation>
    <Title>ProjectPhysX OpenCL-Benchmark</Title>
    <AppVersion>1.2</AppVersion>
    <Description>ProjectPhysX OpenCL-Benchmark provides various OpenCL compute and memory bandwidth micro-benchmarks</Description>
    <Proportion>HIB</Proportion>
    <TimesToRun>3</TimesToRun>
  </TestInformation>
  <TestProfile>
    <Version>1.0.0</Version>
    <SupportedPlatforms>Linux</SupportedPlatforms>
    <SoftwareType>Benchmark</SoftwareType>
    <TestType>Graphics</TestType>
    <License>Free</License>
    <Status>Verified</Status>
    <ExternalDependencies>build-utilities, opencl</ExternalDependencies>
    <EnvironmentSize>2</EnvironmentSize>
    <ProjectURL>https://github.com/ProjectPhysX/OpenCL-Benchmark/</ProjectURL>
    <RepositoryURL>https://github.com/ProjectPhysX/OpenCL-Benchmark</RepositoryURL>
    <InternalTags>OpenCL</InternalTags>
    <Maintainer>Michael Larabel</Maintainer>
  </TestProfile>
</PhoronixTestSuite>
