<?xml version="1.0"?>
<!--Phoronix Test Suite v10.8.4-->
<PhoronixTestSuite>
  <TestInformation>
    <Title>Monte Carlo Simulations of Ionised Nebulae</Title>
    <AppVersion>2.02.73.3</AppVersion>
    <Description>Mocassin is the Monte Carlo Simulations of Ionised Nebulae. MOCASSIN is a fully 3D or 2D photoionisation and dust radiative transfer code which employs a Monte Carlo approach to the transfer of radiation through media of arbitrary geometry and density distribution.</Description>
    <ResultScale>Seconds</ResultScale>
    <Proportion>LIB</Proportion>
    <TimesToRun>3</TimesToRun>
  </TestInformation>
  <TestProfile>
    <Version>1.1.0</Version>
    <SupportedPlatforms>Linux, Solaris, BSD</SupportedPlatforms>
    <SoftwareType>Scientific</SoftwareType>
    <TestType>Processor</TestType>
    <License>Free</License>
    <Status>Verified</Status>
    <ExternalDependencies>fortran-compiler, openmpi-development, build-utilities</ExternalDependencies>
    <EnvironmentSize>56</EnvironmentSize>
    <ProjectURL>https://mocassin.nebulousresearch.org/</ProjectURL>
    <RepositoryURL>https://github.com/rwesson/mocassin</RepositoryURL>
    <Maintainer>Michael Larabel</Maintainer>
  </TestProfile>
  <TestSettings>
    <Option>
      <DisplayName>Input</DisplayName>
      <Identifier>input</Identifier>
      <Menu>
        <Entry>
          <Name>Dust 2D tau100.0</Name>
          <Value>dust/2D/tau100.0</Value>
        </Entry>
        <Entry>
          <Name>Gas HII40</Name>
          <Value>gas/HII40</Value>
        </Entry>
      </Menu>
    </Option>
  </TestSettings>
</PhoronixTestSuite>
