<?xml version="1.0"?>
<!--Phoronix Test Suite v10.4.0-->
<PhoronixTestSuite>
  <TestInformation>
    <Title>C-Blosc</Title>
    <AppVersion>2.0</AppVersion>
    <Description>A simple, compressed, fast and persistent data store library for C.</Description>
    <ResultScale>MB/s</ResultScale>
    <Proportion>HIB</Proportion>
    <TimesToRun>3</TimesToRun>
  </TestInformation>
  <TestProfile>
    <Version>1.1.0</Version>
    <SupportedPlatforms>Linux, BSD</SupportedPlatforms>
    <SoftwareType>Benchmark</SoftwareType>
    <TestType>Processor</TestType>
    <License>Free</License>
    <Status>Verified</Status>
    <ExternalDependencies>build-utilities, cmake</ExternalDependencies>
    <EnvironmentSize>22</EnvironmentSize>
    <ProjectURL>https://blosc.org/</ProjectURL>
    <RepositoryURL>https://github.com/Blosc/c-blosc2</RepositoryURL>
    <Maintainer>Michael Larabel</Maintainer>
  </TestProfile>
  <TestSettings>
    <Option>
      <DisplayName>Compressor</DisplayName>
      <Identifier>compressor</Identifier>
      <Menu>
        <Entry>
          <Name>blosclz</Name>
          <Value>blosclz</Value>
        </Entry>
      </Menu>
    </Option>
  </TestSettings>
</PhoronixTestSuite>
