<?xml version="1.0"?>
<!--Phoronix Test Suite v10.8.4-->
<PhoronixTestSuite>
  <TestInformation>
    <Title>SMHasher</Title>
    <AppVersion>2022-08-22</AppVersion>
    <Description>SMHasher is a hash function tester supporting various algorithms and able to make use of AVX and other modern CPU instruction set extensions.</Description>
    <Proportion>HIB</Proportion>
    <TimesToRun>3</TimesToRun>
  </TestInformation>
  <TestProfile>
    <Version>1.1.0</Version>
    <SupportedPlatforms>Linux, MacOSX, Solaris, BSD</SupportedPlatforms>
    <SoftwareType>Benchmark</SoftwareType>
    <TestType>Processor</TestType>
    <License>Free</License>
    <Status>Verified</Status>
    <ExternalDependencies>build-utilities, cmake</ExternalDependencies>
    <EnvironmentSize>45</EnvironmentSize>
    <ProjectURL>https://github.com/rurban/smhasher/</ProjectURL>
    <RepositoryURL>https://github.com/rurban/smhasher</RepositoryURL>
    <Maintainer>Michael Larabel</Maintainer>
  </TestProfile>
  <TestSettings>
    <Option>
      <DisplayName>Hash</DisplayName>
      <Identifier>hash</Identifier>
      <ArgumentPrefix>--test=Speed </ArgumentPrefix>
      <Menu>
        <Entry>
          <Name>wyhash</Name>
          <Value>wyhash</Value>
        </Entry>
        <Entry>
          <Name>t1ha2_atonce</Name>
          <Value>t1ha2_atonce</Value>
        </Entry>
        <Entry>
          <Name>Spooky32</Name>
          <Value>Spooky32</Value>
        </Entry>
        <Entry>
          <Name>fasthash32</Name>
          <Value>fasthash32</Value>
        </Entry>
        <Entry>
          <Name>SHA3-256</Name>
          <Value>sha3-256</Value>
        </Entry>
        <Entry>
          <Name>t1ha0_aes_avx2 x86_64</Name>
          <Value>t1ha0_aes_avx2</Value>
          <Message>Requires AVX2</Message>
        </Entry>
        <Entry>
          <Name>MeowHash x86_64 AES-NI</Name>
          <Value>MeowHash</Value>
          <Message>Requires x86_64 AES-NI</Message>
        </Entry>
        <Entry>
          <Name>FarmHash32 x86_64 AVX</Name>
          <Value>FarmHash32</Value>
          <Message>Requires x86_64 SSE4/AVX</Message>
        </Entry>
        <Entry>
          <Name>FarmHash128</Name>
          <Value>FarmHash128</Value>
        </Entry>
      </Menu>
    </Option>
  </TestSettings>
</PhoronixTestSuite>
