<?xml version="1.0"?>
<!--Phoronix Test Suite v10.8.4-->
<PhoronixTestSuite>
  <TestInformation>
    <Title>SPECFEM3D</Title>
    <AppVersion>4.0</AppVersion>
    <Description>simulates acoustic (fluid), elastic (solid), coupled acoustic/elastic, poroelastic or seismic wave propagation in any type of conforming mesh of hexahedra. This test profile currently relies on CPU-based execution for SPECFEM3D and using a variety of their built-in examples/models for benchmarking.</Description>
    <ResultScale>Seconds</ResultScale>
    <Proportion>LIB</Proportion>
    <TimesToRun>3</TimesToRun>
  </TestInformation>
  <TestProfile>
    <Version>1.0.0</Version>
    <SupportedPlatforms>Linux</SupportedPlatforms>
    <SoftwareType>Scientific</SoftwareType>
    <TestType>Processor</TestType>
    <License>Free</License>
    <Status>Verified</Status>
    <ExternalDependencies>fortran-compiler, openmpi-development, build-utilities</ExternalDependencies>
    <EnvironmentSize>4800</EnvironmentSize>
    <ProjectURL>https://seg.ethz.ch/software/specfem3d.html</ProjectURL>
    <RepositoryURL>https://github.com/SPECFEM/specfem3d</RepositoryURL>
    <Maintainer>Michael Larabel</Maintainer>
  </TestProfile>
  <TestSettings>
    <Option>
      <DisplayName>Model</DisplayName>
      <Identifier>model</Identifier>
      <Menu>
        <Entry>
          <Name>Layered Halfspace</Name>
          <Value>layered_halfspace</Value>
          <Message>A model with different material layers; most demanding</Message>
        </Entry>
        <Entry>
          <Name>Water-layered Halfspace</Name>
          <Value>waterlayered_halfspace</Value>
          <Message>A model with fluid-solid coupling</Message>
        </Entry>
        <Entry>
          <Name>Homogeneous Halfspace</Name>
          <Value>homogeneous_halfspace</Value>
        </Entry>
        <Entry>
          <Name>Mount St. Helens</Name>
          <Value>Mount_StHelens</Value>
          <Message>A model with topography data</Message>
        </Entry>
        <Entry>
          <Name>Tomographic Model</Name>
          <Value>tomographic_model</Value>
          <Message>A model with a a tomographic file for the material description</Message>
        </Entry>
      </Menu>
    </Option>
  </TestSettings>
</PhoronixTestSuite>
