<?xml version="1.0"?>
<!--Phoronix Test Suite v10.8.4-->
<PhoronixTestSuite>
  <TestInformation>
    <Title>Intel Memory Latency Checker</Title>
    <AppVersion>3.10</AppVersion>
    <Description>Intel Memory Latency Checker (MLC) is a binary-only system memory bandwidth and latency benchmark. If the download fails you may need to manually download the file from https://www.intel.com/content/www/us/en/developer/articles/tool/intelr-memory-latency-checker.html and place it in your PTS download cache. On some systems root privileges are needed to run the MLC tester.</Description>
    <ResultScale>MB/s</ResultScale>
    <Proportion>HIB</Proportion>
    <TimesToRun>3</TimesToRun>
  </TestInformation>
  <TestProfile>
    <Version>1.1.0</Version>
    <SupportedPlatforms>Windows, Linux</SupportedPlatforms>
    <SoftwareType>Utility</SoftwareType>
    <TestType>Memory</TestType>
    <License>Non-Free</License>
    <Status>Verified</Status>
    <SupportedArchitectures>x86_64</SupportedArchitectures>
    <EnvironmentSize>1</EnvironmentSize>
    <ProjectURL>https://software.intel.com/content/www/us/en/develop/articles/intelr-memory-latency-checker.html</ProjectURL>
    <Maintainer>Michael Larabel</Maintainer>
  </TestProfile>
  <TestSettings>
    <Option>
      <DisplayName>Test</DisplayName>
      <Identifier>test</Identifier>
      <Menu>
        <Entry>
          <Name>Peak Injection Bandwidth</Name>
          <Value>-X --peak_injection_bandwidth</Value>
        </Entry>
        <Entry>
          <Name>Max Bandwidth</Name>
          <Value>-X --max_bandwidth</Value>
        </Entry>
        <Entry>
          <Name>Idle Latency</Name>
          <Value>--idle_latency</Value>
        </Entry>
      </Menu>
    </Option>
  </TestSettings>
</PhoronixTestSuite>
