<?xml version="1.0"?>
<!--Phoronix Test Suite v10.8.3-->
<PhoronixTestSuite>
  <TestInformation>
    <Title>Glibc Benchmarks</Title>
    <Description>The GNU C Library project provides the core libraries for the GNU system and GNU/Linux systems, as well as many other systems that use Linux as the kernel. These libraries provide critical APIs including ISO C11, POSIX.1-2008, BSD, OS-specific APIs and more. This test profile makes use of Glibc's "benchtests" integrated benchmark suite.</Description>
    <ResultScale>ns</ResultScale>
    <Proportion>LIB</Proportion>
    <TimesToRun>3</TimesToRun>
  </TestInformation>
  <TestProfile>
    <Version>1.7.2</Version>
    <SupportedPlatforms>Linux</SupportedPlatforms>
    <SoftwareType>Utility</SoftwareType>
    <TestType>OS</TestType>
    <License>Free</License>
    <Status>Verified</Status>
    <ExternalDependencies>build-utilities, bison</ExternalDependencies>
    <EnvironmentSize>100</EnvironmentSize>
    <ProjectURL>https://www.gnu.org/software/libc/</ProjectURL>
    <RepositoryURL>https://sourceware.org/git/glibc.git</RepositoryURL>
    <Maintainer>Michael Larabel</Maintainer>
    <SystemDependencies>gawk</SystemDependencies>
  </TestProfile>
  <TestSettings>
    <Option>
      <DisplayName>Benchmark</DisplayName>
      <Identifier>benchmark</Identifier>
      <Menu>
        <Entry>
          <Name>ffsll</Name>
          <Value>bench-ffsll</Value>
        </Entry>
        <Entry>
          <Name>ffs</Name>
          <Value>bench-ffs</Value>
        </Entry>
        <Entry>
          <Name>pthread_once</Name>
          <Value>bench-pthread_once</Value>
        </Entry>
        <Entry>
          <Name>ffsll</Name>
          <Value>bench-ffsll</Value>
        </Entry>
        <Entry>
          <Name>tanh</Name>
          <Value>bench-tanh</Value>
        </Entry>
        <Entry>
          <Name>sqrt</Name>
          <Value>bench-sqrt</Value>
        </Entry>
        <Entry>
          <Name>sin</Name>
          <Value>bench-sin</Value>
        </Entry>
        <Entry>
          <Name>cos</Name>
          <Value>bench-cos</Value>
        </Entry>
        <Entry>
          <Name>asinh</Name>
          <Value>bench-asinh</Value>
        </Entry>
        <Entry>
          <Name>atanh</Name>
          <Value>bench-atanh</Value>
        </Entry>
        <Entry>
          <Name>sincos</Name>
          <Value>bench-sincos</Value>
        </Entry>
        <Entry>
          <Name>sinh</Name>
          <Value>bench-sinh</Value>
        </Entry>
        <Entry>
          <Name>modf</Name>
          <Value>bench-modf</Value>
        </Entry>
        <Entry>
          <Name>exp</Name>
          <Value>bench-exp</Value>
        </Entry>
        <Entry>
          <Name>log2</Name>
          <Value>bench-log2</Value>
        </Entry>
      </Menu>
    </Option>
  </TestSettings>
</PhoronixTestSuite>
