<?xml version="1.0"?>
<!--Phoronix Test Suite v10.6.1-->
<PhoronixTestSuite>
  <TestInformation>
    <Title>Redis Memtier / Redis Benchmark</Title>
    <Description>Redis is an open-source in-memory data structure store, used as a database, cache, and message broker. This test profile is for testing any system-installed Redis copy. The redis-server and redis-benchmark software must be present in PATH. To use a static / locally built version of Redis, run the pts/redis test profile instead.</Description>
    <TimesToRun>3</TimesToRun>
  </TestInformation>
  <TestProfile>
    <Version>1.1.1</Version>
    <SoftwareType>Benchmark</SoftwareType>
    <TestType>System</TestType>
    <License>Free</License>
    <Status>Verified</Status>
    <ExternalDependencies>build-utilities, zlib-development, libevent</ExternalDependencies>
    <EnvironmentSize>16</EnvironmentSize>
    <ProjectURL>http://redis.io/</ProjectURL>
    <RepositoryURL>https://github.com/redis/redis</RepositoryURL>
    <SystemDependencies>redis-benchmark, redis-server</SystemDependencies>
  </TestProfile>
  <TestSettings>
    <Option>
      <DisplayName>Test</DisplayName>
      <Identifier>test</Identifier>
      <Menu>
        <Entry>
          <Name>GET</Name>
          <Value>memtier 0:1</Value>
          <Message>All GET</Message>
        </Entry>
        <Entry>
          <Name>SET</Name>
          <Value>memtier 1:0</Value>
          <Message>All SET</Message>
        </Entry>
        <Entry>
          <Name>MIX</Name>
          <Value>memtier 1:10</Value>
          <Message>SET/GET=1/10</Message>
        </Entry>
        <Entry>
          <Name>LPUSH and LPOP: lpush</Name>
          <Value>redis-benchmark lpush,lpop lpush</Value>
          <Message>lpush and lpop operation</Message>
        </Entry>
        <Entry>
          <Name>LPUSH and LPOP: lpop</Name>
          <Value>redis-benchmark lpush,lpop lpop</Value>
          <Message>lpush and lpop operation</Message>
        </Entry>
      </Menu>
    </Option>
  </TestSettings>
</PhoronixTestSuite>
