<?xml version="1.0"?>
<!--Phoronix Test Suite v10.8.4-->
<PhoronixTestSuite>
  <TestInformation>
    <Title>TiDB Community Server</Title>
    <AppVersion>7.3</AppVersion>
    <Description>This is a PingCAP TiDB Community Server benchmark facilitated using the sysbench OLTP database benchmarks.</Description>
    <ResultScale>Queries Per Second</ResultScale>
    <Proportion>HIB</Proportion>
    <TimesToRun>3</TimesToRun>
  </TestInformation>
  <TestProfile>
    <Version>1.0.3</Version>
    <SupportedPlatforms>Linux</SupportedPlatforms>
    <SoftwareType>Benchmark</SoftwareType>
    <TestType>System</TestType>
    <License>Free</License>
    <Status>Verified</Status>
    <EnvironmentSize>6900</EnvironmentSize>
    <ProjectURL>https://www.pingcap.com/tidb/</ProjectURL>
    <RepositoryURL>https://github.com/pingcap/tidb</RepositoryURL>
    <Maintainer>Michael Larabel</Maintainer>
    <SystemDependencies>mysql, mysqldump, sysbench</SystemDependencies>
  </TestProfile>
  <TestSettings>
    <Option>
      <DisplayName>Test</DisplayName>
      <Identifier>Test</Identifier>
      <Menu>
        <Entry>
          <Name>oltp_read_write</Name>
          <Value>oltp_read_write</Value>
        </Entry>
        <Entry>
          <Name>oltp_point_select</Name>
          <Value>oltp_point_select</Value>
        </Entry>
        <Entry>
          <Name>oltp_update_non_index</Name>
          <Value>oltp_update_non_index</Value>
        </Entry>
        <Entry>
          <Name>oltp_update_index</Name>
          <Value>oltp_update_index</Value>
        </Entry>
      </Menu>
    </Option>
    <Option>
      <DisplayName>Threads</DisplayName>
      <Identifier>threads</Identifier>
      <Menu>
        <Entry>
          <Name>1</Name>
          <Value>1</Value>
        </Entry>
        <Entry>
          <Name>16</Name>
          <Value>16</Value>
        </Entry>
        <Entry>
          <Name>32</Name>
          <Value>32</Value>
        </Entry>
        <Entry>
          <Name>64</Name>
          <Value>64</Value>
        </Entry>
        <Entry>
          <Name>128</Name>
          <Value>128</Value>
        </Entry>
        <Entry>
          <Name>256</Name>
          <Value>256</Value>
        </Entry>
        <Entry>
          <Name>512</Name>
          <Value>512</Value>
        </Entry>
        <Entry>
          <Name>1024</Name>
          <Value>1024</Value>
        </Entry>
      </Menu>
    </Option>
  </TestSettings>
</PhoronixTestSuite>
