<?xml version="1.0"?>
<!--Phoronix Test Suite v10.8.4-->
<PhoronixTestSuite>
  <TestInformation>
    <Title>Apache Spark TPC-H</Title>
    <AppVersion>3.5</AppVersion>
    <Description>This is a benchmark of Apache Spark using TPC-H data-set. Apache Spark is an open-source unified analytics engine for large-scale data processing and dealing with big data. This test profile benchmarks the Apache Spark in a single-system configuration using spark-submit.   The test makes use of https://github.com/ssavvides/tpch-spark/ for facilitating the TPC-H benchmark.</Description>
    <ResultScale>Seconds</ResultScale>
    <Proportion>LIB</Proportion>
    <TimesToRun>3</TimesToRun>
  </TestInformation>
  <TestProfile>
    <Version>1.0.0</Version>
    <SupportedPlatforms>Linux</SupportedPlatforms>
    <SoftwareType>Application</SoftwareType>
    <TestType>System</TestType>
    <License>Free</License>
    <Status>Verified</Status>
    <ExternalDependencies>java, python</ExternalDependencies>
    <EnvironmentSize>5000</EnvironmentSize>
    <ProjectURL>https://spark.apache.org/</ProjectURL>
    <RepositoryURL>https://github.com/apache/spark</RepositoryURL>
    <Maintainer>Michael Larabel</Maintainer>
  </TestProfile>
  <TestSettings>
    <Option>
      <DisplayName>Scale Factor</DisplayName>
      <Identifier>scale</Identifier>
      <ArgumentPrefix>-s </ArgumentPrefix>
      <Menu>
        <Entry>
          <Name>1</Name>
          <Value>1</Value>
          <Message>About 1GB of data</Message>
        </Entry>
        <Entry>
          <Name>10</Name>
          <Value>10</Value>
          <Message>About 10GB of data</Message>
        </Entry>
        <Entry>
          <Name>50</Name>
          <Value>50</Value>
          <Message>About 50GB of data</Message>
        </Entry>
        <Entry>
          <Name>100</Name>
          <Value>100</Value>
          <Message>About 100GB of data</Message>
        </Entry>
        <Entry>
          <Name>3000</Name>
          <Value>3000</Value>
          <Message>About 3TB of data; many hours of testing</Message>
        </Entry>
        <Entry>
          <Name>10000</Name>
          <Value>10000</Value>
          <Message>About 10TB of data, extremely time consuming!</Message>
        </Entry>
      </Menu>
    </Option>
  </TestSettings>
</PhoronixTestSuite>
