<?xml version="1.0"?>
<!--Phoronix Test Suite v10.8.4-->
<PhoronixTestSuite>
  <TestInformation>
    <Title>Faiss</Title>
    <AppVersion>1.7.4</AppVersion>
    <Description>Faiss is developed by Meta/Facebook. Faiss is a library for efficient similarity search and clustering of dense vectors.</Description>
    <ResultScale>Seconds</ResultScale>
    <Proportion>LIB</Proportion>
    <TimesToRun>3</TimesToRun>
  </TestInformation>
  <TestProfile>
    <Version>1.0.1</Version>
    <SupportedPlatforms>Linux</SupportedPlatforms>
    <SoftwareType>Utility</SoftwareType>
    <TestType>System</TestType>
    <License>Free</License>
    <Status>Verified</Status>
    <ExternalDependencies>python, build-utilities, fortran-compiler</ExternalDependencies>
    <RequiresInternet>TRUE</RequiresInternet>
    <EnvironmentSize>1100</EnvironmentSize>
    <ProjectURL>https://faiss.ai/</ProjectURL>
    <RepositoryURL>https://github.com/facebookresearch/faiss</RepositoryURL>
    <Maintainer>Michael Larabel</Maintainer>
  </TestProfile>
  <TestSettings>
    <Option>
      <DisplayName>Test</DisplayName>
      <Identifier>test</Identifier>
      <Menu>
        <Entry>
          <Name>demo_sift1M</Name>
          <Value>demos/demo_sift1M</Value>
        </Entry>
        <Entry>
          <Name>bench_polysemous_sift1m</Name>
          <Value>../benchs/bench_polysemous_sift1m.py</Value>
        </Entry>
      </Menu>
    </Option>
  </TestSettings>
</PhoronixTestSuite>
