<?xml version="1.0"?>
<!--Phoronix Test Suite v10.8.4-->
<PhoronixTestSuite>
  <TestInformation>
    <Title>CloverLeaf</Title>
    <AppVersion>1.3</AppVersion>
    <Description>CloverLeaf is a Lagrangian-Eulerian hydrodynamics benchmark. This test profile currently makes use of CloverLeaf's OpenMP version.</Description>
    <ResultScale>Seconds</ResultScale>
    <Proportion>LIB</Proportion>
    <TimesToRun>3</TimesToRun>
  </TestInformation>
  <TestProfile>
    <Version>1.2.0</Version>
    <SupportedPlatforms>Linux, BSD</SupportedPlatforms>
    <SoftwareType>Benchmark</SoftwareType>
    <TestType>Processor</TestType>
    <License>Free</License>
    <Status>Verified</Status>
    <ExternalDependencies>build-utilities, openmpi-development, fortran-compiler</ExternalDependencies>
    <EnvironmentSize>2</EnvironmentSize>
    <ProjectURL>http://uk-mac.github.io/CloverLeaf/</ProjectURL>
    <RepositoryURL>https://github.com/UK-MAC/CloverLeaf</RepositoryURL>
    <InternalTags>SMP, OpenMP</InternalTags>
    <Maintainer>Michael Larabel</Maintainer>
  </TestProfile>
  <TestSettings>
    <Option>
      <DisplayName>Input</DisplayName>
      <Identifier>input</Identifier>
      <Menu>
        <Entry>
          <Name>clover_bm</Name>
          <Value>clover_bm</Value>
          <Message>Shortest test</Message>
        </Entry>
        <Entry>
          <Name>clover_bm64_short</Name>
          <Value>clover_bm64_short</Value>
        </Entry>
        <Entry>
          <Name>clover_bm16</Name>
          <Value>clover_bm16</Value>
          <Message>Most time consuming model for high core count servers</Message>
        </Entry>
      </Menu>
    </Option>
  </TestSettings>
</PhoronixTestSuite>
