<?xml version="1.0"?>
<!--Phoronix Test Suite v10.8.4-->
<PhoronixTestSuite>
  <TestInformation>
    <Title>QuantLib</Title>
    <AppVersion>1.32</AppVersion>
    <Description>QuantLib is an open-source library/framework around quantitative finance for modeling, trading and risk management scenarios. QuantLib is written in C++ with Boost and its built-in benchmark used reports the QuantLib Benchmark Index benchmark score.</Description>
    <ResultScale>MFLOPS</ResultScale>
    <Proportion>HIB</Proportion>
    <TimesToRun>3</TimesToRun>
  </TestInformation>
  <TestProfile>
    <Version>1.2.0</Version>
    <SupportedPlatforms>Linux, BSD, MacOSX</SupportedPlatforms>
    <SoftwareType>Benchmark</SoftwareType>
    <TestType>Processor</TestType>
    <License>Free</License>
    <Status>Verified</Status>
    <ExternalDependencies>build-utilities, boost-development, cmake</ExternalDependencies>
    <EnvironmentSize>531</EnvironmentSize>
    <ProjectURL>https://www.quantlib.org/</ProjectURL>
    <RepositoryURL>https://github.com/lballabio/QuantLib</RepositoryURL>
    <Maintainer>Michael Larabel</Maintainer>
  </TestProfile>
  <TestSettings>
    <Option>
      <DisplayName>Configuration</DisplayName>
      <Identifier>config</Identifier>
      <Menu>
        <Entry>
          <Name>Single-Threaded</Name>
          <Value> </Value>
        </Entry>
        <Entry>
          <Name>Multi-Threaded</Name>
          <Value>--mp</Value>
        </Entry>
      </Menu>
    </Option>
  </TestSettings>
</PhoronixTestSuite>
