<?xml version="1.0"?>
<!--Phoronix Test Suite v10.8.4-->
<PhoronixTestSuite>
  <TestInformation>
    <Title>Z3 Theorem Prover</Title>
    <AppVersion>4.12.1</AppVersion>
    <Description>The Z3 Theorem Prover / SMT solver is developed by Microsoft Research under the MIT license.</Description>
    <ResultScale>Seconds</ResultScale>
    <Proportion>LIB</Proportion>
    <TimesToRun>3</TimesToRun>
  </TestInformation>
  <TestProfile>
    <Version>1.0.0</Version>
    <SupportedPlatforms>Linux, Windows</SupportedPlatforms>
    <SoftwareType>Scientific</SoftwareType>
    <TestType>Processor</TestType>
    <License>Free</License>
    <Status>Verified</Status>
    <SupportedArchitectures>x86_64</SupportedArchitectures>
    <ExternalDependencies>build-utilities, python, cmake</ExternalDependencies>
    <EnvironmentSize>221</EnvironmentSize>
    <ProjectURL>https://github.com/Z3Prover/z3/</ProjectURL>
    <RepositoryURL>https://github.com/Z3Prover/z3</RepositoryURL>
    <Maintainer>Lucian Popescu</Maintainer>
  </TestProfile>
  <TestSettings>
    <Option>
      <DisplayName>SMT File</DisplayName>
      <Identifier>file</Identifier>
      <Menu>
        <Entry>
          <Name>1.smt2</Name>
          <Value>1.smt2</Value>
        </Entry>
        <Entry>
          <Name>2.smt2</Name>
          <Value>2.smt2</Value>
        </Entry>
      </Menu>
    </Option>
  </TestSettings>
</PhoronixTestSuite>
