<?xml version="1.0"?>
<!--Phoronix Test Suite v10.6.0-->
<PhoronixTestSuite>
  <TestInformation>
    <Title>Zstd Compression</Title>
    <Description>This test measures the time needed to compress/decompress a sample input file using Zstd compression supplied by the system or otherwise externally of the test profile.</Description>
    <ResultScale>MB/s</ResultScale>
    <Proportion>HIB</Proportion>
    <TimesToRun>3</TimesToRun>
  </TestInformation>
  <TestProfile>
    <Version>1.5.0</Version>
    <SupportedPlatforms>Linux, BSD, Solaris, MacOSX, Windows</SupportedPlatforms>
    <SoftwareType>Utility</SoftwareType>
    <TestType>Processor</TestType>
    <License>Free</License>
    <Status>Verified</Status>
    <EnvironmentSize>1100</EnvironmentSize>
    <EnvironmentTestingSize>256</EnvironmentTestingSize>
    <ProjectURL>https://github.com/facebook/zstd</ProjectURL>
    <RepositoryURL>https://github.com/facebook/zstd/</RepositoryURL>
    <Maintainer>Michael Larabel</Maintainer>
    <SystemDependencies>zstd</SystemDependencies>
  </TestProfile>
  <TestSettings>
    <Default>
      <Arguments>-S -i15</Arguments>
    </Default>
    <Option>
      <DisplayName>Compression Level</DisplayName>
      <Identifier>compression</Identifier>
      <Menu>
        <Entry>
          <Name>3</Name>
          <Value>-b3</Value>
        </Entry>
        <Entry>
          <Name>3, Long Mode</Name>
          <Value>-b3 --long</Value>
        </Entry>
        <Entry>
          <Name>8</Name>
          <Value>-b8</Value>
        </Entry>
        <Entry>
          <Name>8, Long Mode</Name>
          <Value>-b8 --long</Value>
        </Entry>
        <Entry>
          <Name>19</Name>
          <Value>-b19</Value>
        </Entry>
        <Entry>
          <Name>19, Long Mode</Name>
          <Value>-b19 --long</Value>
        </Entry>
      </Menu>
    </Option>
  </TestSettings>
</PhoronixTestSuite>
