<?xml version="1.0"?>
<!--Phoronix Test Suite v10.8.4-->
<PhoronixTestSuite>
  <TestInformation>
    <Title>spaCy</Title>
    <AppVersion>3.4.1</AppVersion>
    <Description>The spaCy library is an open-source solution for advanced neural language processing (NLP). The spaCy library leverages Python and is a leading neural language processing solution. This test profile times the spaCy CPU performance with various models.</Description>
    <ResultScale>tokens/sec</ResultScale>
    <Proportion>HIB</Proportion>
    <TimesToRun>3</TimesToRun>
  </TestInformation>
  <TestProfile>
    <Version>1.0.0</Version>
    <SupportedPlatforms>Linux</SupportedPlatforms>
    <SoftwareType>Benchmark</SoftwareType>
    <TestType>System</TestType>
    <License>Free</License>
    <Status>Verified</Status>
    <ExternalDependencies>python</ExternalDependencies>
    <InstallRequiresInternet>TRUE</InstallRequiresInternet>
    <EnvironmentSize>6500</EnvironmentSize>
    <ProjectURL>https://spacy.io/</ProjectURL>
    <RepositoryURL>https://github.com/explosion/spaCy</RepositoryURL>
    <Maintainer>Michael Larabel</Maintainer>
    <SystemDependencies>pip3</SystemDependencies>
  </TestProfile>
</PhoronixTestSuite>
