<?xml version="1.0"?>
<!--Phoronix Test Suite v10.6.0-->
<PhoronixTestSuite>
  <TestInformation>
    <Title>simdjson</Title>
    <AppVersion>1.0</AppVersion>
    <Description>This is a benchmark of SIMDJSON, a high performance JSON parser. SIMDJSON aims to be the fastest JSON parser and is used by projects like Microsoft FishStore, Yandex ClickHouse, Shopify, and others.</Description>
    <ResultScale>GB/s</ResultScale>
    <Proportion>HIB</Proportion>
    <TimesToRun>3</TimesToRun>
  </TestInformation>
  <TestProfile>
    <Version>1.3.0</Version>
    <SupportedPlatforms>Linux, MacOSX, BSD</SupportedPlatforms>
    <SoftwareType>Utility</SoftwareType>
    <TestType>Processor</TestType>
    <License>Free</License>
    <Status>Verified</Status>
    <ExternalDependencies>build-utilities, cmake</ExternalDependencies>
    <EnvironmentSize>202</EnvironmentSize>
    <ProjectURL>https://simdjson.org/</ProjectURL>
    <RepositoryURL>https://github.com/simdjson/simdjson/</RepositoryURL>
    <Maintainer>Michael Larabel</Maintainer>
  </TestProfile>
  <TestSettings>
    <Option>
      <DisplayName>Throughput Test</DisplayName>
      <Identifier>test</Identifier>
      <Menu>
        <Entry>
          <Name>PartialTweets</Name>
          <Value>partial_tweets</Value>
        </Entry>
        <Entry>
          <Name>LargeRandom</Name>
          <Value>large_random</Value>
        </Entry>
        <Entry>
          <Name>Kostya</Name>
          <Value>kostya</Value>
        </Entry>
        <Entry>
          <Name>DistinctUserID</Name>
          <Value>distinct_user_id</Value>
        </Entry>
      </Menu>
    </Option>
  </TestSettings>
</PhoronixTestSuite>
