<?xml version="1.0"?>
<!--Phoronix Test Suite v10.8.4-->
<PhoronixTestSuite>
  <TestInformation>
    <Title>PyTorch</Title>
    <AppVersion>2.1</AppVersion>
    <Description>This is a benchmark of PyTorch making use of pytorch-benchmark [https://github.com/LukasHedegaard/pytorch-benchmark]. Currently this test profile is catered to CPU-based testing.</Description>
    <ResultScale>batches/sec</ResultScale>
    <Proportion>HIB</Proportion>
    <TimesToRun>3</TimesToRun>
  </TestInformation>
  <TestProfile>
    <Version>1.0.1</Version>
    <SupportedPlatforms>Linux</SupportedPlatforms>
    <SoftwareType>Benchmark</SoftwareType>
    <TestType>System</TestType>
    <License>Free</License>
    <Status>Verified</Status>
    <ExternalDependencies>python</ExternalDependencies>
    <EnvironmentSize>4800</EnvironmentSize>
    <ProjectURL>https://pytorch.org/</ProjectURL>
    <RepositoryURL>https://github.com/pytorch/pytorch</RepositoryURL>
    <InternalTags>SMP</InternalTags>
    <Maintainer>Michael Larabel</Maintainer>
    <SystemDependencies>pip3</SystemDependencies>
  </TestProfile>
  <TestSettings>
    <Option>
      <DisplayName>Device</DisplayName>
      <Identifier>device</Identifier>
      <Menu>
        <Entry>
          <Name>CPU</Name>
          <Value>cpu</Value>
        </Entry>
        <Entry>
          <Name>NVIDIA CUDA GPU</Name>
          <Value>cuda</Value>
        </Entry>
      </Menu>
    </Option>
    <Option>
      <DisplayName>Batch Size</DisplayName>
      <Identifier>batch-size</Identifier>
      <Menu>
        <Entry>
          <Name>1</Name>
          <Value>1</Value>
        </Entry>
        <Entry>
          <Name>16</Name>
          <Value>16</Value>
        </Entry>
        <Entry>
          <Name>32</Name>
          <Value>32</Value>
        </Entry>
        <Entry>
          <Name>64</Name>
          <Value>64</Value>
        </Entry>
        <Entry>
          <Name>256</Name>
          <Value>256</Value>
        </Entry>
        <Entry>
          <Name>512</Name>
          <Value>512</Value>
        </Entry>
      </Menu>
    </Option>
    <Option>
      <DisplayName>Model</DisplayName>
      <Identifier>Model</Identifier>
      <Menu>
        <Entry>
          <Name>ResNet-50</Name>
          <Value>resnet50</Value>
        </Entry>
        <Entry>
          <Name>ResNet-152</Name>
          <Value>resnet152</Value>
        </Entry>
        <Entry>
          <Name>Efficientnet_v2_l</Name>
          <Value>efficientnet_v2_l</Value>
        </Entry>
      </Menu>
    </Option>
  </TestSettings>
</PhoronixTestSuite>
