<?xml version="1.0"?>
<!--Phoronix Test Suite v10.8.4-->
<PhoronixTestSuite>
  <TestInformation>
    <Title>Palabos</Title>
    <AppVersion>2.3</AppVersion>
    <Description>The Palabos library is a framework for general purpose Computational Fluid Dynamics (CFD). Palabos uses a kernel based on the Lattice Boltzmann method. This test profile uses the Palabos MPI-based Cavity3D benchmark.</Description>
    <ResultScale>Mega Site Updates Per Second</ResultScale>
    <Proportion>HIB</Proportion>
    <TimesToRun>3</TimesToRun>
  </TestInformation>
  <TestProfile>
    <Version>1.0.0</Version>
    <SupportedPlatforms>Linux</SupportedPlatforms>
    <SoftwareType>Scientific</SoftwareType>
    <TestType>Processor</TestType>
    <License>Free</License>
    <Status>Verified</Status>
    <ExternalDependencies>build-utilities, openmpi-development, cmake, hdf5</ExternalDependencies>
    <EnvironmentSize>35</EnvironmentSize>
    <ProjectURL>https://palabos.unige.ch/</ProjectURL>
    <RepositoryURL>https://gitlab.com/unigespc/palabos</RepositoryURL>
    <InternalTags>SMP, MPI</InternalTags>
    <Maintainer>Michael Larabel</Maintainer>
    <SystemDependencies>hdf5/mpich/hdf5.h</SystemDependencies>
  </TestProfile>
  <TestSettings>
    <Option>
      <DisplayName>Grid Size</DisplayName>
      <Identifier>size</Identifier>
      <Menu>
        <Entry>
          <Name>100</Name>
          <Value>100</Value>
        </Entry>
        <Entry>
          <Name>400</Name>
          <Value>400</Value>
        </Entry>
        <Entry>
          <Name>500</Name>
          <Value>500</Value>
        </Entry>
        <Entry>
          <Name>1000</Name>
          <Value>1000</Value>
        </Entry>
        <Entry>
          <Name>4000</Name>
          <Value>4000</Value>
        </Entry>
      </Menu>
    </Option>
  </TestSettings>
</PhoronixTestSuite>
