<?xml version="1.0"?>
<!--Phoronix Test Suite v10.6.1-->
<PhoronixTestSuite>
  <TestInformation>
    <Title>Nginx</Title>
    <Description>This is a benchmark of the lightweight Nginx HTTP(S) web-server. This Nginx web server benchmark test profile relies upon nginx being present in the system PATH / already installed on the system if wanting to benchmark the operating system's provided nginx package. Use the pts/ngnx test profile if wanting to test a locally-built Nginx web server. Wrk is used for facilitating the HTTP web server load testing.</Description>
    <ResultScale>Requests Per Second</ResultScale>
    <Proportion>HIB</Proportion>
    <TimesToRun>3</TimesToRun>
  </TestInformation>
  <TestProfile>
    <Version>1.0.0</Version>
    <SupportedPlatforms>Linux, BSD, Solaris, MacOSX</SupportedPlatforms>
    <SoftwareType>Utility</SoftwareType>
    <TestType>System</TestType>
    <License>Free</License>
    <Status>Verified</Status>
    <ExternalDependencies>build-utilities</ExternalDependencies>
    <EnvironmentSize>517</EnvironmentSize>
    <ProjectURL>http://nginx.org/</ProjectURL>
    <RepositoryURL>https://github.com/nginx/nginx</RepositoryURL>
  </TestProfile>
  <TestSettings>
    <Option>
      <DisplayName>Test</DisplayName>
      <Identifier>test</Identifier>
      <Menu>
        <Entry>
          <Name>Long Connection</Name>
          <Value>long</Value>
        </Entry>
        <Entry>
          <Name>Short Connection</Name>
          <Value>short</Value>
        </Entry>
      </Menu>
    </Option>
    <Option>
      <DisplayName>Connections</DisplayName>
      <Identifier>connections</Identifier>
      <Menu>
        <Entry>
          <Name>100</Name>
          <Value>100</Value>
        </Entry>
        <Entry>
          <Name>500</Name>
          <Value>500</Value>
        </Entry>
        <Entry>
          <Name>1000</Name>
          <Value>1000</Value>
        </Entry>
      </Menu>
    </Option>
  </TestSettings>
</PhoronixTestSuite>
