<?xml version="1.0"?>
<!--Phoronix Test Suite v10.8.3-->
<PhoronixTestSuite>
  <TestInformation>
    <Title>Total War: WARHAMMER III</Title>
    <Description>Total War: WARHAMMER III on Steam. The test profile assumes you have a Steam account, have Steam installed for the system, and that you own a copy of this game. This automates the process of executing the game and using its built-in benchmark mode.</Description>
    <ResultScale>Frames Per Second</ResultScale>
    <Proportion>HIB</Proportion>
    <TimesToRun>3</TimesToRun>
    <IgnoreRuns>1</IgnoreRuns>
  </TestInformation>
  <TestProfile>
    <Version>1.0.0</Version>
    <SupportedPlatforms>Linux</SupportedPlatforms>
    <SoftwareType>Game</SoftwareType>
    <TestType>Graphics</TestType>
    <License>Retail</License>
    <Status>Verified</Status>
    <SupportedArchitectures>x86_64</SupportedArchitectures>
    <ExternalDependencies>steam</ExternalDependencies>
    <RequiresDisplay>TRUE</RequiresDisplay>
    <ProjectURL>https://store.steampowered.com/app/1142710/Total_War_WARHAMMER_III/</ProjectURL>
    <Maintainer>Michael Larabel</Maintainer>
  </TestProfile>
  <TestSettings>
    <Option>
      <DisplayName>Resolution</DisplayName>
      <Identifier>auto-resolution</Identifier>
      <Menu>
        <Entry>
          <Name>$VIDEO_WIDTH x $VIDEO_HEIGHT</Name>
          <Value>$VIDEO_WIDTH $VIDEO_HEIGHT</Value>
        </Entry>
      </Menu>
    </Option>
    <Option>
      <DisplayName>Graphics Preset</DisplayName>
      <Identifier>graphics-preset</Identifier>
      <Menu>
        <Entry>
          <Name>Medium</Name>
          <Value>1</Value>
        </Entry>
        <Entry>
          <Name>High</Name>
          <Value>2</Value>
        </Entry>
        <Entry>
          <Name>Ultra</Name>
          <Value>3</Value>
        </Entry>
      </Menu>
    </Option>
    <Option>
      <DisplayName>Scenario</DisplayName>
      <Identifier>scenario</Identifier>
      <Menu>
        <Entry>
          <Name>Battle Benchmark</Name>
          <Value>battle_benchmark/battle_benchmark.xml</Value>
        </Entry>
      </Menu>
    </Option>
  </TestSettings>
</PhoronixTestSuite>
