<?xml version="1.0"?>
<!--Phoronix Test Suite v10.8.4-->
<PhoronixTestSuite>
  <TestInformation>
    <Title>Inkscape</Title>
    <Description>Inkscape is an open-source vector graphics editor. This test profile times how long it takes to complete various operations by Inkscape.</Description>
    <ResultScale>Seconds</ResultScale>
    <Proportion>LIB</Proportion>
    <TimesToRun>3</TimesToRun>
  </TestInformation>
  <TestProfile>
    <Version>1.0.1</Version>
    <SupportedPlatforms>Linux, BSD, MacOSX, Solaris</SupportedPlatforms>
    <SoftwareType>Benchmark</SoftwareType>
    <TestType>System</TestType>
    <License>Free</License>
    <Status>Verified</Status>
    <EnvironmentSize>1</EnvironmentSize>
    <ProjectURL>https://inkscape.org/</ProjectURL>
    <RepositoryURL>https://gitlab.com/inkscape/inkscape</RepositoryURL>
    <Maintainer>Michael Larabel</Maintainer>
    <SystemDependencies>inkscape</SystemDependencies>
  </TestProfile>
  <TestSettings>
    <Option>
      <DisplayName>Operation</DisplayName>
      <Identifier>op</Identifier>
      <Menu>
        <Entry>
          <Name>SVG Files To PNG</Name>
        </Entry>
      </Menu>
    </Option>
  </TestSettings>
</PhoronixTestSuite>
