<?xml version="1.0"?>
<!--Phoronix Test Suite v10.8.4-->
<PhoronixTestSuite>
  <TestInformation>
    <Title>Libplacebo</Title>
    <AppVersion>5.229.1</AppVersion>
    <Description>Libplacebo is a multimedia rendering library based on the core rendering code of the MPV player. The libplacebo benchmark relies on the Vulkan API and tests various primitives.</Description>
    <ResultScale>FPS</ResultScale>
    <Proportion>HIB</Proportion>
    <TimesToRun>3</TimesToRun>
  </TestInformation>
  <TestProfile>
    <Version>1.1.0</Version>
    <SupportedPlatforms>Linux</SupportedPlatforms>
    <SoftwareType>Benchmark</SoftwareType>
    <TestType>Graphics</TestType>
    <License>Free</License>
    <Status>Verified</Status>
    <ExternalDependencies>build-utilities, vulkan-development, python, meson</ExternalDependencies>
    <RequiresDisplay>TRUE</RequiresDisplay>
    <EnvironmentSize>16</EnvironmentSize>
    <ProjectURL>https://github.com/haasn/libplacebo/</ProjectURL>
    <RepositoryURL>https://github.com/haasn/libplacebo</RepositoryURL>
    <Maintainer>Michael Larabel</Maintainer>
    <SystemDependencies>glslang/SPIRV/spirv.hpp, spirv-remap, lcms2.h, glslangValidator</SystemDependencies>
  </TestProfile>
</PhoronixTestSuite>
