<?xml version="1.0"?>
<!--Phoronix Test Suite v10.8.4-->
<PhoronixTestSuite>
  <TestInformation>
    <Title>Quicksilver</Title>
    <AppVersion>20230818</AppVersion>
    <Description>Quicksilver is a proxy application that represents some elements of the Mercury workload by solving a simplified dynamic Monte Carlo particle transport problem. Quicksilver is developed by Lawrence Livermore National Laboratory (LLNL) and this test profile currently makes use of the OpenMP CPU threaded code path.</Description>
    <ResultScale>Figure Of Merit</ResultScale>
    <Proportion>HIB</Proportion>
    <TimesToRun>3</TimesToRun>
  </TestInformation>
  <TestProfile>
    <Version>1.0.0</Version>
    <SupportedPlatforms>Linux</SupportedPlatforms>
    <SoftwareType>Benchmark</SoftwareType>
    <TestType>Processor</TestType>
    <License>Free</License>
    <Status>Verified</Status>
    <ExternalDependencies>build-utilities</ExternalDependencies>
    <EnvironmentSize>3</EnvironmentSize>
    <ProjectURL>https://asc.llnl.gov/codes/proxy-apps/quicksilver</ProjectURL>
    <RepositoryURL>https://github.com/LLNL/Quicksilver</RepositoryURL>
    <InternalTags>SMP, OpenMP</InternalTags>
    <Maintainer>Michael Larabel</Maintainer>
  </TestProfile>
  <TestSettings>
    <Option>
      <DisplayName>Input</DisplayName>
      <Identifier>input</Identifier>
      <Menu>
        <Entry>
          <Name>CORAL2 P1</Name>
          <Value>../Examples/CORAL2_Benchmark/Problem1/Coral2_P1.inp</Value>
        </Entry>
        <Entry>
          <Name>CORAL2 P2</Name>
          <Value>../Examples/CORAL2_Benchmark/Problem2/Coral2_P2.inp</Value>
        </Entry>
        <Entry>
          <Name>CTS2</Name>
          <Value>../Examples/CTS2_Benchmark/CTS2.inp</Value>
        </Entry>
      </Menu>
    </Option>
  </TestSettings>
</PhoronixTestSuite>
