<?xml version="1.0"?>
<!--Phoronix Test Suite v10.8.4-->
<PhoronixTestSuite>
  <TestInformation>
    <Title>ScyllaDB</Title>
    <AppVersion>5.2.9</AppVersion>
    <Description>This is a benchmark of ScyllaDB and is making use of Apache Cassandra's cassandra-stress for conducting the benchmark. ScyllaDB is an open-source distributed NoSQL data store that is compatible with Apache Cassandra while focusing on higher throughput and lower latency. ScyllaDB uses a sharded design on each node.</Description>
    <ResultScale>Op/s</ResultScale>
    <Proportion>HIB</Proportion>
    <TimesToRun>3</TimesToRun>
  </TestInformation>
  <TestProfile>
    <Version>1.0.0</Version>
    <SupportedPlatforms>Linux</SupportedPlatforms>
    <SoftwareType>Utility</SoftwareType>
    <TestType>System</TestType>
    <License>Free</License>
    <Status>Verified</Status>
    <ExternalDependencies>java, python</ExternalDependencies>
    <EnvironmentSize>2100</EnvironmentSize>
    <ProjectURL>https://www.scylladb.com/open-source-nosql-database/</ProjectURL>
    <RepositoryURL>https://github.com/scylladb/scylladb</RepositoryURL>
    <Maintainer>Michael Larabel</Maintainer>
  </TestProfile>
  <TestSettings>
    <Option>
      <DisplayName>Test</DisplayName>
      <Identifier>test</Identifier>
      <Menu>
        <Entry>
          <Name>Writes</Name>
          <Value>WRITE</Value>
        </Entry>
        <Entry>
          <Name>Mixed 1:1</Name>
          <Value>MIXED_1_1</Value>
        </Entry>
        <Entry>
          <Name>Mixed 1:3</Name>
          <Value>MIXED_1_3</Value>
        </Entry>
      </Menu>
    </Option>
  </TestSettings>
</PhoronixTestSuite>
