<?xml version="1.0"?>
<!--Phoronix Test Suite v10.8.4-->
<PhoronixTestSuite>
  <TestInformation>
    <Title>NAMD</Title>
    <AppVersion>3.0b6</AppVersion>
    <Description>NAMD is a parallel molecular dynamics code designed for high-performance simulation of large biomolecular systems. NAMD was developed by the Theoretical and Computational Biophysics Group in the Beckman Institute for Advanced Science and Technology at the University of Illinois at Urbana-Champaign.</Description>
    <ResultScale>ns/day</ResultScale>
    <Proportion>HIB</Proportion>
    <TimesToRun>3</TimesToRun>
  </TestInformation>
  <TestProfile>
    <Version>1.3.1</Version>
    <SupportedPlatforms>Linux, MacOSX</SupportedPlatforms>
    <SoftwareType>Benchmark</SoftwareType>
    <TestType>Processor</TestType>
    <License>Free</License>
    <Status>Verified</Status>
    <SupportedArchitectures>x86_64</SupportedArchitectures>
    <EnvironmentSize>360</EnvironmentSize>
    <ProjectURL>http://www.ks.uiuc.edu/Research/namd/</ProjectURL>
    <InternalTags>SMP</InternalTags>
    <Maintainer>Michael Larabel</Maintainer>
  </TestProfile>
  <TestSettings>
    <Option>
      <DisplayName>Input</DisplayName>
      <Identifier>input</Identifier>
      <Menu>
        <Entry>
          <Name>ATPase with 327,506 Atoms</Name>
          <Value>../f1atpase/f1atpase.namd</Value>
        </Entry>
        <Entry>
          <Name>STMV with 1,066,628 Atoms</Name>
          <Value>../stmv/stmv.namd</Value>
        </Entry>
      </Menu>
    </Option>
  </TestSettings>
</PhoronixTestSuite>
