<?xml version="1.0"?>
<!--Phoronix Test Suite v10.8.4-->
<PhoronixTestSuite>
  <TestInformation>
    <Title>VkFFT</Title>
    <AppVersion>1.3.4</AppVersion>
    <Description>VkFFT is a Fast Fourier Transform (FFT) Library that is GPU accelerated by means of the Vulkan API. The VkFFT benchmark runs FFT performance differences of many different sizes before returning an overall benchmark score.</Description>
    <ResultScale>Benchmark Score</ResultScale>
    <Proportion>HIB</Proportion>
    <TimesToRun>3</TimesToRun>
  </TestInformation>
  <TestProfile>
    <Version>1.3.0</Version>
    <SupportedPlatforms>Linux, Windows</SupportedPlatforms>
    <SoftwareType>Benchmark</SoftwareType>
    <TestType>Graphics</TestType>
    <License>Free</License>
    <Status>Verified</Status>
    <ExternalDependencies>build-utilities, vulkan-development, cmake, fftw3-development</ExternalDependencies>
    <EnvironmentSize>281</EnvironmentSize>
    <ProjectURL>https://github.com/DTolm/VkFFT/</ProjectURL>
    <RepositoryURL>https://github.com/DTolm/VkFFT</RepositoryURL>
    <Maintainer>Michael Larabel</Maintainer>
    <SystemDependencies>spirv-link, spirv-tools/linker.hpp</SystemDependencies>
  </TestProfile>
  <TestSettings>
    <Option>
      <DisplayName>Test</DisplayName>
      <Identifier>test</Identifier>
      <ArgumentPrefix>-vkfft </ArgumentPrefix>
      <Menu>
        <Entry>
          <Name>FFT + iFFT C2C 1D batched in single precision</Name>
          <Value>0</Value>
        </Entry>
        <Entry>
          <Name>FFT + iFFT C2C 1D batched in double precision</Name>
          <Value>1</Value>
        </Entry>
        <Entry>
          <Name>FFT + iFFT C2C 1D batched in half precision</Name>
          <Value>2</Value>
        </Entry>
        <Entry>
          <Name>FFT + iFFT C2C multidimensional in single precision</Name>
          <Value>3</Value>
        </Entry>
        <Entry>
          <Name>FFT + iFFT C2C 1D batched in single precision, no reshuffling</Name>
          <Value>5</Value>
        </Entry>
        <Entry>
          <Name>FFT + iFFT R2C / C2R</Name>
          <Value>6</Value>
        </Entry>
        <Entry>
          <Name>FFT + iFFT C2C Bluestein in single precision</Name>
          <Value>7</Value>
        </Entry>
        <Entry>
          <Name>FFT + iFFT C2C Bluestein benchmark in double precision</Name>
          <Value>8</Value>
        </Entry>
      </Menu>
    </Option>
  </TestSettings>
</PhoronixTestSuite>
