<?xml version="1.0"?>
<!--Phoronix Test Suite v10.8.4-->
<PhoronixTestSuite>
  <TestInformation>
    <Title>Scikit-Learn</Title>
    <AppVersion>1.1.3</AppVersion>
    <Description>Scikit-learn is a Python module for machine learning</Description>
    <ResultScale>Seconds</ResultScale>
    <Proportion>LIB</Proportion>
    <TimesToRun>3</TimesToRun>
  </TestInformation>
  <TestProfile>
    <Version>1.2.0</Version>
    <SupportedPlatforms>Linux, BSD</SupportedPlatforms>
    <SoftwareType>Utility</SoftwareType>
    <TestType>System</TestType>
    <License>Free</License>
    <Status>Verified</Status>
    <ExternalDependencies>python</ExternalDependencies>
    <ProjectURL>http://scikit-learn.org/</ProjectURL>
    <RepositoryURL>https://github.com/scikit-learn/scikit-learn</RepositoryURL>
    <Maintainer>Michael Larabel</Maintainer>
  </TestProfile>
  <TestSettings>
    <Option>
      <DisplayName>Benchmark</DisplayName>
      <Identifier>benchmark</Identifier>
      <Menu>
        <Entry>
          <Name>Sparse Random Projections, 100 Iterations</Name>
          <Value>random_projections.py --n-times 100</Value>
        </Entry>
        <Entry>
          <Name>MNIST Dataset</Name>
          <Value>mnist.py</Value>
        </Entry>
        <Entry>
          <Name>TSNE MNIST Dataset</Name>
          <Value>tsne_mnist.py</Value>
        </Entry>
      </Menu>
    </Option>
  </TestSettings>
</PhoronixTestSuite>
