<?xml version="1.0"?>
<!--Phoronix Test Suite v10.8.4-->
<PhoronixTestSuite>
  <TestInformation>
    <Title>High Performance Conjugate Gradient</Title>
    <AppVersion>3.1</AppVersion>
    <Description>HPCG is the High Performance Conjugate Gradient and is a new scientific benchmark from Sandia National Lans focused for super-computer testing with modern real-world workloads compared to HPCC.</Description>
    <ResultScale>GFLOP/s</ResultScale>
    <Proportion>HIB</Proportion>
    <TimesToRun>3</TimesToRun>
  </TestInformation>
  <TestProfile>
    <Version>1.3.0</Version>
    <SupportedPlatforms>Linux</SupportedPlatforms>
    <SoftwareType>Benchmark</SoftwareType>
    <TestType>Processor</TestType>
    <License>Free</License>
    <Status>Verified</Status>
    <ExternalDependencies>build-utilities, fortran-compiler, openmpi-development</ExternalDependencies>
    <EnvironmentSize>2.4</EnvironmentSize>
    <ProjectURL>http://www.hpcg-benchmark.org/</ProjectURL>
    <RepositoryURL>https://github.com/hpcg-benchmark/hpcg</RepositoryURL>
    <InternalTags>SMP, MPI</InternalTags>
    <Maintainer>Michael Larabel</Maintainer>
  </TestProfile>
  <TestSettings>
    <Option>
      <DisplayName>X Y Z</DisplayName>
      <Identifier>xyz</Identifier>
      <Menu>
        <Entry>
          <Name>104 104 104</Name>
          <Value>--nx=104 --ny=104 --nz=104</Value>
        </Entry>
        <Entry>
          <Name>144 144 144</Name>
          <Value>--nx=144 --ny=144 --nz=144</Value>
        </Entry>
        <Entry>
          <Name>160 160 160</Name>
          <Value>--nx=160 --ny=160 --nz=160</Value>
        </Entry>
        <Entry>
          <Name>192 192 192</Name>
          <Value>--nx=192 --ny=192 --nz=192</Value>
        </Entry>
      </Menu>
    </Option>
    <Option>
      <DisplayName>RT</DisplayName>
      <Identifier>time</Identifier>
      <ArgumentPrefix>--rt=</ArgumentPrefix>
      <Menu>
        <Entry>
          <Name>60</Name>
          <Value>60</Value>
          <Message>Shorter run-time</Message>
        </Entry>
        <Entry>
          <Name>1800</Name>
          <Value>1800</Value>
          <Message>Official run-time</Message>
        </Entry>
      </Menu>
    </Option>
  </TestSettings>
</PhoronixTestSuite>
