<?xml version="1.0"?>
<!--Phoronix Test Suite v10.8.4-->
<PhoronixTestSuite>
  <TestInformation>
    <Title>Dragonflydb</Title>
    <AppVersion>0.6</AppVersion>
    <Description>Dragonfly is an open-source database server that is a "modern Redis replacement" that aims to be the fastest memory store while being compliant with the Redis and Memcached protocols. For benchmarking Dragonfly, Memtier_benchmark is used as a NoSQL Redis/Memcache traffic generation plus benchmarking tool developed by Redis Labs.</Description>
    <TimesToRun>3</TimesToRun>
  </TestInformation>
  <TestProfile>
    <Version>1.0.0</Version>
    <SupportedPlatforms>Linux</SupportedPlatforms>
    <SoftwareType>Application</SoftwareType>
    <TestType>System</TestType>
    <License>Free</License>
    <Status>Verified</Status>
    <SupportedArchitectures>x86_64, aarch64</SupportedArchitectures>
    <ExternalDependencies>build-utilities, libevent, pcre, zlib-development, openssl-development, libtool</ExternalDependencies>
    <EnvironmentSize>26</EnvironmentSize>
    <ProjectURL>https://dragonflydb.io/</ProjectURL>
    <RepositoryURL>https://github.com/dragonflydb/dragonfly</RepositoryURL>
    <Maintainer>Michael Larabel</Maintainer>
    <SystemDependencies>pkg-config</SystemDependencies>
  </TestProfile>
  <TestSettings>
    <Default>
      <Arguments>--pipeline=64 --distinct-client-seed --test-time=60</Arguments>
    </Default>
    <Option>
      <DisplayName>Clients</DisplayName>
      <Identifier>clients</Identifier>
      <ArgumentPrefix>-c </ArgumentPrefix>
      <Menu>
        <Entry>
          <Name>50</Name>
          <Value>50</Value>
        </Entry>
        <Entry>
          <Name>200</Name>
          <Value>200</Value>
        </Entry>
      </Menu>
    </Option>
    <Option>
      <DisplayName>Set To Get Ratio</DisplayName>
      <Identifier>ratio</Identifier>
      <ArgumentPrefix>--ratio=</ArgumentPrefix>
      <Menu>
        <Entry>
          <Name>1:5</Name>
          <Value>1:5</Value>
        </Entry>
        <Entry>
          <Name>1:1</Name>
          <Value>1:1</Value>
        </Entry>
        <Entry>
          <Name>5:1</Name>
          <Value>5:1</Value>
        </Entry>
      </Menu>
    </Option>
  </TestSettings>
</PhoronixTestSuite>
