<?xml version="1.0"?>
<!--Phoronix Test Suite v10.6.0-->
<PhoronixTestSuite>
  <TestInformation>
    <Title>GLmark2</Title>
    <AppVersion>2021.08.30</AppVersion>
    <Description>This is a test of GLmark2, a basic OpenGL and OpenGL ES 2.0 benchmark supporting various windowing/display back-ends.</Description>
    <ResultScale>Score</ResultScale>
    <Proportion>HIB</Proportion>
    <TimesToRun>1</TimesToRun>
  </TestInformation>
  <TestProfile>
    <Version>1.3.0</Version>
    <SupportedPlatforms>Linux</SupportedPlatforms>
    <SoftwareType>Game</SoftwareType>
    <TestType>Graphics</TestType>
    <License>Free</License>
    <Status>Verified</Status>
    <ExternalDependencies>glut, libpng-development, python, jpeg-development</ExternalDependencies>
    <RequiresDisplay>TRUE</RequiresDisplay>
    <EnvironmentSize>59</EnvironmentSize>
    <ProjectURL>https://github.com/glmark2/glmark2</ProjectURL>
    <RepositoryURL>https://github.com/glmark2/glmark2</RepositoryURL>
    <Maintainer>Michael Larabel</Maintainer>
  </TestProfile>
  <TestSettings>
    <Default>
      <Arguments>--annotate</Arguments>
    </Default>
    <Option>
      <DisplayName>Resolution</DisplayName>
      <Identifier>auto-resolution</Identifier>
      <Menu>
        <Entry>
          <Name>$VIDEO_WIDTH x $VIDEO_HEIGHT</Name>
          <Value>-s $VIDEO_WIDTHx$VIDEO_HEIGHT</Value>
        </Entry>
      </Menu>
    </Option>
  </TestSettings>
</PhoronixTestSuite>
