<?xml version="1.0"?>
<!--Phoronix Test Suite v10.8.4-->
<PhoronixTestSuite>
  <TestInformation>
    <Title>MariaDB</Title>
    <AppVersion>11.5</AppVersion>
    <Description>This is a MariaDB MySQL database server benchmark making use of sysbench rather than the existing pts/mysqlslap test profile that uses MariaDB with mysqlslap/mariadb-slap as the benchmark driver.</Description>
    <ResultScale>Queries Per Second</ResultScale>
    <Proportion>HIB</Proportion>
    <TimesToRun>3</TimesToRun>
  </TestInformation>
  <TestProfile>
    <Version>1.0.0</Version>
    <SupportedPlatforms>Linux</SupportedPlatforms>
    <SoftwareType>Benchmark</SoftwareType>
    <TestType>System</TestType>
    <License>Free</License>
    <Status>Verified</Status>
    <ExternalDependencies>build-utilities, cmake, libevent, ncurses-development, bison, flex, openssl-development, zlib-development</ExternalDependencies>
    <EnvironmentSize>6900</EnvironmentSize>
    <ProjectURL>https://mariadb.org/</ProjectURL>
    <RepositoryURL>https://github.com/MariaDB/server</RepositoryURL>
    <Maintainer>Michael Larabel</Maintainer>
    <SystemDependencies>sysbench</SystemDependencies>
  </TestProfile>
  <TestSettings>
    <Option>
      <DisplayName>Test</DisplayName>
      <Identifier>Test</Identifier>
      <Menu>
        <Entry>
          <Name>oltp_read_write</Name>
          <Value>oltp_read_write</Value>
        </Entry>
        <Entry>
          <Name>oltp_read_only</Name>
          <Value>oltp_read_only</Value>
        </Entry>
        <Entry>
          <Name>oltp_write_only</Name>
          <Value>oltp_write_only</Value>
        </Entry>
        <Entry>
          <Name>oltp_point_select</Name>
          <Value>oltp_point_select</Value>
        </Entry>
        <Entry>
          <Name>oltp_update_non_index</Name>
          <Value>oltp_update_non_index</Value>
        </Entry>
        <Entry>
          <Name>oltp_update_index</Name>
          <Value>oltp_update_index</Value>
        </Entry>
      </Menu>
    </Option>
    <Option>
      <DisplayName>Threads</DisplayName>
      <Identifier>threads</Identifier>
      <Menu>
        <Entry>
          <Name>1</Name>
          <Value>1</Value>
        </Entry>
        <Entry>
          <Name>16</Name>
          <Value>16</Value>
        </Entry>
        <Entry>
          <Name>32</Name>
          <Value>32</Value>
        </Entry>
        <Entry>
          <Name>64</Name>
          <Value>64</Value>
        </Entry>
        <Entry>
          <Name>128</Name>
          <Value>128</Value>
        </Entry>
        <Entry>
          <Name>256</Name>
          <Value>256</Value>
        </Entry>
        <Entry>
          <Name>512</Name>
          <Value>512</Value>
        </Entry>
        <Entry>
          <Name>768</Name>
          <Value>768</Value>
        </Entry>
      </Menu>
    </Option>
  </TestSettings>
</PhoronixTestSuite>
