<?xml version="1.0"?>
<!--Phoronix Test Suite v10.8.4-->
<PhoronixTestSuite>
  <TestInformation>
    <Title>Stress-NG</Title>
    <AppVersion>0.14.06</AppVersion>
    <Description>Stress-NG is a Linux stress tool developed by Colin King of Canonical.</Description>
    <TimesToRun>3</TimesToRun>
  </TestInformation>
  <TestProfile>
    <Version>1.6.0</Version>
    <SupportedPlatforms>Linux, BSD, MacOSX</SupportedPlatforms>
    <SoftwareType>Benchmark</SoftwareType>
    <TestType>System</TestType>
    <License>Free</License>
    <Status>Verified</Status>
    <ExternalDependencies>build-utilities, attr</ExternalDependencies>
    <EnvironmentSize>18</EnvironmentSize>
    <ProjectURL>https://github.com/ColinIanKing/stress-ng/</ProjectURL>
    <RepositoryURL>https://github.com/ColinIanKing/stress-ng</RepositoryURL>
    <Maintainer>Michael Larabel</Maintainer>
    <SystemDependencies>sys/apparmor.h</SystemDependencies>
  </TestProfile>
  <TestSettings>
    <Default>
      <Arguments>-t 30 --metrics-brief</Arguments>
    </Default>
    <Option>
      <DisplayName>Test</DisplayName>
      <Identifier>test</Identifier>
      <Menu>
        <Entry>
          <Name>CPU Stress</Name>
          <Value>--cpu -1 --cpu-method all</Value>
        </Entry>
        <Entry>
          <Name>Crypto</Name>
          <Value>--crypt -1</Value>
        </Entry>
        <Entry>
          <Name>Memory Copying</Name>
          <Value>--memcpy -1</Value>
        </Entry>
        <Entry>
          <Name>Glibc Qsort Data Sorting</Name>
          <Value>--qsort -1</Value>
        </Entry>
        <Entry>
          <Name>Glibc C String Functions</Name>
          <Value>--str -1</Value>
        </Entry>
        <Entry>
          <Name>Vector Math</Name>
          <Value>--vecmath -1</Value>
        </Entry>
        <Entry>
          <Name>Matrix Math</Name>
          <Value>--matrix -1</Value>
        </Entry>
        <Entry>
          <Name>Forking</Name>
          <Value>--fork -1</Value>
        </Entry>
        <Entry>
          <Name>System V Message Passing</Name>
          <Value>--msg -1</Value>
        </Entry>
        <Entry>
          <Name>Semaphores</Name>
          <Value>--sem -1</Value>
        </Entry>
        <Entry>
          <Name>Socket Activity</Name>
          <Value>--sock -1</Value>
        </Entry>
        <Entry>
          <Name>Context Switching</Name>
          <Value>--switch -1</Value>
        </Entry>
        <Entry>
          <Name>Atomic</Name>
          <Value>--atomic -1</Value>
        </Entry>
        <Entry>
          <Name>CPU Cache</Name>
          <Value>--cache -1</Value>
        </Entry>
        <Entry>
          <Name>Malloc</Name>
          <Value>--malloc -1</Value>
        </Entry>
        <Entry>
          <Name>MEMFD</Name>
          <Value>--memfd -1</Value>
        </Entry>
        <Entry>
          <Name>MMAP</Name>
          <Value>--mmap -1</Value>
        </Entry>
        <Entry>
          <Name>NUMA</Name>
          <Value>--numa -1</Value>
        </Entry>
        <Entry>
          <Name>x86_64 RdRand</Name>
          <Value>--rdrand -1</Value>
        </Entry>
        <Entry>
          <Name>SENDFILE</Name>
          <Value>--sendfile -1</Value>
        </Entry>
        <Entry>
          <Name>IO_uring</Name>
          <Value>--io-uring -1</Value>
        </Entry>
        <Entry>
          <Name>Futex</Name>
          <Value>--futex -1</Value>
        </Entry>
        <Entry>
          <Name>Mutex</Name>
          <Value>--mutex -1</Value>
        </Entry>
      </Menu>
    </Option>
  </TestSettings>
</PhoronixTestSuite>
