<?xml version="1.0"?>
<!--Phoronix Test Suite v10.4.0-->
<PhoronixTestSuite>
  <TestInformation>
    <Title>BRL-CAD</Title>
    <AppVersion>7.32.2</AppVersion>
    <Description>BRL-CAD is a cross-platform, open-source solid modeling system with built-in benchmark mode.</Description>
    <ResultScale>VGR Performance Metric</ResultScale>
    <Proportion>HIB</Proportion>
    <SubTitle>VGR Performance Metric</SubTitle>
    <TimesToRun>1</TimesToRun>
  </TestInformation>
  <TestProfile>
    <Version>1.2.0</Version>
    <SupportedPlatforms>Linux, Solaris, BSD, MacOSX</SupportedPlatforms>
    <SoftwareType>Utility</SoftwareType>
    <TestType>System</TestType>
    <License>Free</License>
    <Status>Verified</Status>
    <ExternalDependencies>build-utilities, cmake, flex, tcl, zlib-development, libpng-development</ExternalDependencies>
    <EnvironmentSize>480</EnvironmentSize>
    <ProjectURL>http://brlcad.org/</ProjectURL>
    <RepositoryURL>https://github.com/BRL-CAD/brlcad</RepositoryURL>
    <Maintainer>Michael Larabel</Maintainer>
  </TestProfile>
</PhoronixTestSuite>
