<?xml version="1.0"?>
<!--Phoronix Test Suite v10.6.1-->
<PhoronixTestSuite>
  <TestInformation>
    <Title>CP2K Molecular Dynamics</Title>
    <AppVersion>8.2</AppVersion>
    <Description>CP2K is an open-source molecular dynamics software package focused on quantum chemistry and solid-state physics. This test profile currently uses the SSMP (OpenMP) version of cp2k.</Description>
    <ResultScale>Seconds</ResultScale>
    <Proportion>LIB</Proportion>
    <TimesToRun>1</TimesToRun>
  </TestInformation>
  <TestProfile>
    <Version>1.3.0</Version>
    <SupportedPlatforms>Linux</SupportedPlatforms>
    <SoftwareType>Benchmark</SoftwareType>
    <TestType>Processor</TestType>
    <License>Free</License>
    <Status>Verified</Status>
    <SupportedArchitectures>x86_64</SupportedArchitectures>
    <ExternalDependencies>openmpi-development</ExternalDependencies>
    <EnvironmentSize>244</EnvironmentSize>
    <ProjectURL>https://www.cp2k.org/</ProjectURL>
    <RepositoryURL>https://github.com/cp2k/cp2k</RepositoryURL>
    <InternalTags>SMP</InternalTags>
    <Maintainer>Michael Larabel</Maintainer>
  </TestProfile>
  <TestSettings>
    <Option>
      <DisplayName>Input</DisplayName>
      <Identifier>input</Identifier>
      <ArgumentPrefix>-i </ArgumentPrefix>
      <Menu>
        <Entry>
          <Name>Fayalite-FIST</Name>
          <Value>benchmarks/Fayalite-FIST/fayalite.inp</Value>
        </Entry>
      </Menu>
    </Option>
  </TestSettings>
</PhoronixTestSuite>
