<?xml version="1.0"?>
<!--Phoronix Test Suite v10.8.4-->
<PhoronixTestSuite>
  <TestInformation>
    <Title>CephFS RADOS Benchmark</Title>
    <Description>This is a test profile for making use of CephFS RADOS benchmark functionality outlined @ https://access.redhat.com/documentation/en-us/red_hat_ceph_storage/4/html/administration_guide/ceph-performance-benchmarking#benchmarking-ceph-performance_admin for evaluating Ceph performance. At the moment this test profile is setup just for running with microceph on Ubuntu Linux.</Description>
    <ResultScale>MB/s</ResultScale>
    <Proportion>HIB</Proportion>
    <TimesToRun>3</TimesToRun>
  </TestInformation>
  <TestProfile>
    <Version>1.0.1</Version>
    <SupportedPlatforms>Linux</SupportedPlatforms>
    <SoftwareType>Benchmark</SoftwareType>
    <TestType>System</TestType>
    <License>Free</License>
    <Status>Verified</Status>
    <RequiresRoot>TRUE</RequiresRoot>
    <EnvironmentSize>1000</EnvironmentSize>
    <ProjectURL>https://ceph.com/en/</ProjectURL>
    <RepositoryURL>https://github.com/ceph/ceph</RepositoryURL>
    <Maintainer>Michael Larabel</Maintainer>
  </TestProfile>
  <TestSettings>
    <Option>
      <DisplayName>Test</DisplayName>
      <Identifier>test</Identifier>
      <Menu>
        <Entry>
          <Name>Write</Name>
          <Value>write</Value>
        </Entry>
        <Entry>
          <Name>Read</Name>
          <Value>seq</Value>
        </Entry>
        <Entry>
          <Name>Random Read</Name>
          <Value>rand</Value>
        </Entry>
      </Menu>
    </Option>
  </TestSettings>
</PhoronixTestSuite>
