<?xml version="1.0"?>
<!--Phoronix Test Suite v10.8.4-->
<PhoronixTestSuite>
  <TestInformation>
    <Title>DuckDB</Title>
    <AppVersion>0.9.1</AppVersion>
    <Description>DuckDB is an in-progress SQL OLAP database management system optimized for analytics and features a vectorized and parallel engine.</Description>
    <ResultScale>Seconds</ResultScale>
    <Proportion>LIB</Proportion>
    <TimesToRun>3</TimesToRun>
    <IgnoreRuns>1</IgnoreRuns>
  </TestInformation>
  <TestProfile>
    <Version>1.0.0</Version>
    <SupportedPlatforms>Linux, MacOSX</SupportedPlatforms>
    <SoftwareType>Benchmark</SoftwareType>
    <TestType>System</TestType>
    <License>Free</License>
    <Status>Verified</Status>
    <ExternalDependencies>build-utilities</ExternalDependencies>
    <EnvironmentSize>7600</EnvironmentSize>
    <ProjectURL>https://duckdb.org/</ProjectURL>
    <RepositoryURL>https://github.com/duckdb/duckdb</RepositoryURL>
    <InternalTags>SMP</InternalTags>
    <Maintainer>Michael Larabel</Maintainer>
  </TestProfile>
  <TestSettings>
    <Option>
      <DisplayName>Benchmark</DisplayName>
      <Identifier>benchmark</Identifier>
      <Menu>
        <Entry>
          <Name>IMDB</Name>
          <Value>benchmark/imdb</Value>
        </Entry>
        <Entry>
          <Name>TPC-H Parquet</Name>
          <Value>benchmark/tpch/parquet</Value>
        </Entry>
      </Menu>
    </Option>
  </TestSettings>
</PhoronixTestSuite>
