<?xml version="1.0"?>
<!--Phoronix Test Suite v10.8.4-->
<PhoronixTestSuite>
  <TestInformation>
    <Title>KeyDB</Title>
    <AppVersion>6.3.2</AppVersion>
    <Description>A benchmark of KeyDB as an open-source, multi-threaded fork of the Redis server now developed by Snapchat. The developers self-describe the KeyDB in-memory data structure store as a "faster drop in alternative to Redis".</Description>
    <ResultScale>Requests Per Second</ResultScale>
    <Proportion>HIB</Proportion>
    <TimesToRun>3</TimesToRun>
  </TestInformation>
  <TestProfile>
    <Version>1.4.0</Version>
    <SupportedPlatforms>Linux</SupportedPlatforms>
    <SoftwareType>Benchmark</SoftwareType>
    <TestType>System</TestType>
    <License>Free</License>
    <Status>Verified</Status>
    <ExternalDependencies>build-utilities, libevent, pcre, openssl-development, libtool, curl, uuid, snappy, tcl, nasm</ExternalDependencies>
    <EnvironmentSize>1600</EnvironmentSize>
    <ProjectURL>https://keydb.dev/</ProjectURL>
    <RepositoryURL>https://github.com/Snapchat/KeyDB</RepositoryURL>
    <Maintainer>Michael Larabel</Maintainer>
    <SystemDependencies>lz4, lz4.h, zstd, zstd.h</SystemDependencies>
  </TestProfile>
  <TestSettings>
    <Default>
      <Arguments>-n 50000000 -P 32 -d 4 </Arguments>
    </Default>
    <Option>
      <DisplayName>Test</DisplayName>
      <Identifier>test</Identifier>
      <ArgumentPrefix>-t </ArgumentPrefix>
      <Menu>
        <Entry>
          <Name>SET</Name>
          <Value>set</Value>
        </Entry>
        <Entry>
          <Name>HMSET</Name>
          <Value>hmset</Value>
        </Entry>
        <Entry>
          <Name>GET</Name>
          <Value>get</Value>
        </Entry>
        <Entry>
          <Name>LPUSH</Name>
          <Value>lpush</Value>
        </Entry>
        <Entry>
          <Name>LPOP</Name>
          <Value>lpop</Value>
        </Entry>
        <Entry>
          <Name>SADD</Name>
          <Value>sadd</Value>
        </Entry>
      </Menu>
    </Option>
    <Option>
      <DisplayName>Parallel Connections</DisplayName>
      <Identifier>parallel-connections</Identifier>
      <ArgumentPrefix>-c </ArgumentPrefix>
      <Menu>
        <Entry>
          <Name>50</Name>
          <Value>50</Value>
        </Entry>
        <Entry>
          <Name>100</Name>
          <Value>100</Value>
        </Entry>
        <Entry>
          <Name>500</Name>
          <Value>500</Value>
        </Entry>
        <Entry>
          <Name>900</Name>
          <Value>900</Value>
        </Entry>
      </Menu>
    </Option>
  </TestSettings>
</PhoronixTestSuite>
