<?xml version="1.0"?>
<!--Phoronix Test Suite v10.8.4-->
<PhoronixTestSuite>
  <TestInformation>
    <Title>Unpacking The Linux Kernel</Title>
    <AppVersion>5.19</AppVersion>
    <Description>This test measures how long it takes to extract the .tar.xz Linux kernel source tree package.</Description>
    <ResultScale>Seconds</ResultScale>
    <Proportion>LIB</Proportion>
    <SubTitle>linux-5.19.tar.xz</SubTitle>
    <TimesToRun>4</TimesToRun>
  </TestInformation>
  <TestProfile>
    <Version>1.2.0</Version>
    <SupportedPlatforms>Linux, BSD, Solaris, MacOSX, Windows</SupportedPlatforms>
    <SoftwareType>Utility</SoftwareType>
    <TestType>Disk</TestType>
    <License>Free</License>
    <Status>Verified</Status>
    <EnvironmentTestingSize>802</EnvironmentTestingSize>
    <ProjectURL>http://www.kernel.org/</ProjectURL>
    <RepositoryURL>https://github.com/torvalds/linux</RepositoryURL>
    <Maintainer>Michael Larabel</Maintainer>
    <SystemDependencies>tar</SystemDependencies>
  </TestProfile>
</PhoronixTestSuite>
