<?xml version="1.0"?>
<!--Phoronix Test Suite v10.4.0-->
<PhoronixTestSuite>
  <TestInformation>
    <Title>Unvanquished</Title>
    <AppVersion>0.52.1</AppVersion>
    <Description>Unvanquished is a modern fork of the Tremulous first person shooter. Unvanquished is powered by the Daemon engine, a combination of the ioquake3 engine with the graphically-beautiful XreaL engine. Unvanquished supports a modern OpenGL 3 renderer and other advanced graphics features for this open-source game.</Description>
    <ResultScale>Frames Per Second</ResultScale>
    <Proportion>HIB</Proportion>
    <TimesToRun>3</TimesToRun>
  </TestInformation>
  <TestProfile>
    <Version>1.6.0</Version>
    <SupportedPlatforms>Linux</SupportedPlatforms>
    <SoftwareType>Game</SoftwareType>
    <TestType>Graphics</TestType>
    <License>Free</License>
    <Status>Verified</Status>
    <SupportedArchitectures>x86_64</SupportedArchitectures>
    <RequiresDisplay>TRUE</RequiresDisplay>
    <EnvironmentSize>565</EnvironmentSize>
    <ProjectURL>http://www.unvanquished.net/</ProjectURL>
    <Maintainer>Michael Larabel</Maintainer>
  </TestProfile>
  <TestSettings>
    <Default>
      <Arguments>+set r_fullscreen 0 +set r_noBorder 1 +set r_mode -1</Arguments>
      <PostArguments>+vid_restart +set "demo.timedemo" 1 +set demoloop "demo_play pts7" +vstr demoloop</PostArguments>
    </Default>
    <Option>
      <DisplayName>Resolution</DisplayName>
      <Identifier>auto-resolution</Identifier>
      <Menu>
        <Entry>
          <Name>$VIDEO_WIDTH x $VIDEO_HEIGHT</Name>
          <Value>+set r_customWidth $VIDEO_WIDTH +set r_customHeight $VIDEO_HEIGHT</Value>
        </Entry>
      </Menu>
    </Option>
    <Option>
      <DisplayName>Effects Quality</DisplayName>
      <Identifier>effects-quality</Identifier>
      <ArgumentPrefix>+preset presets/graphics/</ArgumentPrefix>
      <Menu>
        <Entry>
          <Name>Medium</Name>
          <Value>medium.cfg</Value>
        </Entry>
        <Entry>
          <Name>High</Name>
          <Value>high.cfg</Value>
        </Entry>
        <Entry>
          <Name>Ultra</Name>
          <Value>ultra.cfg</Value>
        </Entry>
      </Menu>
    </Option>
  </TestSettings>
</PhoronixTestSuite>
