<?xml version="1.0"?>
<!--Phoronix Test Suite v10.8.4-->
<PhoronixTestSuite>
  <TestInformation>
    <Title>FurMark</Title>
    <AppVersion>2.1</AppVersion>
    <Description>FurMark 2 is a cross-platform GPU stress test that can exercise both OpenGL and Vulkan drivers/GPUs. FurMark 2 is the successor to the original FurMark benchmark.</Description>
    <ResultScale>FPS</ResultScale>
    <Proportion>HIB</Proportion>
    <TimesToRun>3</TimesToRun>
  </TestInformation>
  <TestProfile>
    <Version>1.0.0</Version>
    <SupportedPlatforms>Linux, Windows</SupportedPlatforms>
    <SoftwareType>Utility</SoftwareType>
    <TestType>Graphics</TestType>
    <License>Non-Free</License>
    <Status>Verified</Status>
    <SupportedArchitectures>x86_64</SupportedArchitectures>
    <RequiresDisplay>TRUE</RequiresDisplay>
    <EnvironmentSize>30</EnvironmentSize>
    <ProjectURL>https://geeks3d.com/furmark/</ProjectURL>
    <Maintainer>Michael Larabel</Maintainer>
  </TestProfile>
  <TestSettings>
    <Default>
      <Arguments>--benchmark --fullscreen --no-score-box </Arguments>
    </Default>
    <Option>
      <DisplayName>Resolution</DisplayName>
      <Identifier>auto-resolution</Identifier>
      <Menu>
        <Entry>
          <Name>$VIDEO_WIDTH x $VIDEO_HEIGHT</Name>
          <Value>--width $VIDEO_WIDTH --height $VIDEO_HEIGHT</Value>
        </Entry>
      </Menu>
    </Option>
    <Option>
      <DisplayName>Demo</DisplayName>
      <Identifier>demo</Identifier>
      <ArgumentPrefix>--demo </ArgumentPrefix>
      <Menu>
        <Entry>
          <Name>FurMark OpenGL</Name>
          <Value>furmark-gl</Value>
        </Entry>
        <Entry>
          <Name>FurMark Vulkan</Name>
          <Value>furmark-vk</Value>
        </Entry>
        <Entry>
          <Name>FurMark Knot OpenGL</Name>
          <Value>furmark-knot-gl</Value>
        </Entry>
        <Entry>
          <Name>Furmark Knot Vulkan</Name>
          <Value>furmark-knot-vk</Value>
        </Entry>
      </Menu>
    </Option>
    <Option>
      <DisplayName>MSAA</DisplayName>
      <Identifier>msaa</Identifier>
      <ArgumentPrefix>--msaa </ArgumentPrefix>
      <Menu>
        <Entry>
          <Name>Off</Name>
          <Value>0</Value>
        </Entry>
        <Entry>
          <Name>1</Name>
          <Value>1</Value>
        </Entry>
        <Entry>
          <Name>2</Name>
          <Value>2</Value>
        </Entry>
        <Entry>
          <Name>4</Name>
          <Value>4</Value>
        </Entry>
        <Entry>
          <Name>8</Name>
          <Value>8</Value>
        </Entry>
      </Menu>
    </Option>
  </TestSettings>
</PhoronixTestSuite>
