<?xml version="1.0"?>
<!--Phoronix Test Suite v10.8.4-->
<PhoronixTestSuite>
  <TestInformation>
    <Title>memtier_benchmark</Title>
    <AppVersion>1.4</AppVersion>
    <Description>Memtier_benchmark is a NoSQL Redis/Memcache traffic generation plus benchmarking tool developed by Redis Labs.</Description>
    <TimesToRun>3</TimesToRun>
  </TestInformation>
  <TestProfile>
    <Version>1.4.1</Version>
    <SupportedPlatforms>Linux</SupportedPlatforms>
    <SoftwareType>Benchmark</SoftwareType>
    <TestType>System</TestType>
    <License>Free</License>
    <Status>Verified</Status>
    <ExternalDependencies>build-utilities, libevent, pcre, zlib-development, openssl-development, libtool</ExternalDependencies>
    <EnvironmentSize>64</EnvironmentSize>
    <ProjectURL>https://github.com/RedisLabs/memtier_benchmark/</ProjectURL>
    <RepositoryURL>https://github.com/RedisLabs/memtier_benchmark</RepositoryURL>
    <Maintainer>Michael Larabel</Maintainer>
    <SystemDependencies>pkg-config</SystemDependencies>
  </TestProfile>
  <TestSettings>
    <Default>
      <Arguments>--pipeline=120 --test-time=60</Arguments>
    </Default>
    <Option>
      <DisplayName>Protocol</DisplayName>
      <Identifier>protocol</Identifier>
      <ArgumentPrefix>-P </ArgumentPrefix>
      <Menu>
        <Entry>
          <Name>Redis</Name>
          <Value>redis</Value>
        </Entry>
      </Menu>
    </Option>
    <Option>
      <DisplayName>Clients</DisplayName>
      <Identifier>clients</Identifier>
      <ArgumentPrefix>-c </ArgumentPrefix>
      <Menu>
        <Entry>
          <Name>50</Name>
          <Value>50</Value>
        </Entry>
        <Entry>
          <Name>100</Name>
          <Value>100</Value>
        </Entry>
        <Entry>
          <Name>500</Name>
          <Value>500</Value>
        </Entry>
      </Menu>
    </Option>
    <Option>
      <DisplayName>Set To Get Ratio</DisplayName>
      <Identifier>ratio</Identifier>
      <ArgumentPrefix>--ratio=</ArgumentPrefix>
      <Menu>
        <Entry>
          <Name>1:10</Name>
          <Value>1:10</Value>
        </Entry>
        <Entry>
          <Name>1:5</Name>
          <Value>1:5</Value>
        </Entry>
        <Entry>
          <Name>1:1</Name>
          <Value>1:1</Value>
        </Entry>
        <Entry>
          <Name>5:1</Name>
          <Value>5:1</Value>
        </Entry>
        <Entry>
          <Name>10:1</Name>
          <Value>10:1</Value>
        </Entry>
      </Menu>
    </Option>
  </TestSettings>
</PhoronixTestSuite>
