<?xml version="1.0"?>
<!--Phoronix Test Suite v10.6.0-->
<PhoronixTestSuite>
  <TestInformation>
    <Title>JPEG XL Decoding libjxl</Title>
    <AppVersion>0.5</AppVersion>
    <Description>The JPEG XL Image Coding System is designed to provide next-generation JPEG image capabilities with JPEG XL offering better image quality and compression over legacy JPEG. This test profile is suited for JPEG XL decode performance testing to PNG output file, the pts/jpexl test is for encode performance. The JPEG XL encoding/decoding is done using the libjxl codebase.</Description>
    <ResultScale>MP/s</ResultScale>
    <Proportion>HIB</Proportion>
    <TimesToRun>3</TimesToRun>
  </TestInformation>
  <TestProfile>
    <Version>1.3.0</Version>
    <SupportedPlatforms>Linux, MacOSX, BSD</SupportedPlatforms>
    <SoftwareType>Utility</SoftwareType>
    <TestType>Processor</TestType>
    <License>Free</License>
    <Status>Verified</Status>
    <ExternalDependencies>build-utilities, jpeg-development, cmake, curl</ExternalDependencies>
    <Extends>pts/jpegxl-1.3.0</Extends>
    <EnvironmentSize>504</EnvironmentSize>
    <ProjectURL>http://jpegxl.info/</ProjectURL>
    <RepositoryURL>https://github.com/libjxl/libjxl</RepositoryURL>
    <Maintainer>Michael Larabel</Maintainer>
    <SystemDependencies>gif_lib.h, pkg-config, gtest/gtest.h, brotli/encode.h</SystemDependencies>
  </TestProfile>
  <TestSettings>
    <Option>
      <DisplayName>CPU Threads</DisplayName>
      <Identifier>threads</Identifier>
      <Menu>
        <Entry>
          <Name>1</Name>
          <Value>--num_threads=1 --num_reps=100</Value>
        </Entry>
        <Entry>
          <Name>All</Name>
          <Value>--num_reps=200</Value>
        </Entry>
      </Menu>
    </Option>
  </TestSettings>
</PhoronixTestSuite>
