<?xml version="1.0"?>
<!--Phoronix Test Suite v10.4.0-->
<PhoronixTestSuite>
  <TestInformation>
    <Title>VP9 libvpx Encoding</Title>
    <AppVersion>1.10.0</AppVersion>
    <Description>This is a standard video encoding performance test of Google's libvpx library and the vpxenc command for the VP9 video format.</Description>
    <ResultScale>Frames Per Second</ResultScale>
    <Proportion>HIB</Proportion>
    <TimesToRun>3</TimesToRun>
  </TestInformation>
  <TestProfile>
    <Version>3.1.0</Version>
    <SupportedPlatforms>Linux, BSD, MacOSX</SupportedPlatforms>
    <SoftwareType>Utility</SoftwareType>
    <TestType>Processor</TestType>
    <License>Free</License>
    <Status>Verified</Status>
    <ExternalDependencies>build-utilities, yasm, p7zip</ExternalDependencies>
    <EnvironmentSize>12830</EnvironmentSize>
    <ProjectURL>http://www.webmproject.org/</ProjectURL>
    <RepositoryURL>https://chromium.googlesource.com/webm/libvpx/</RepositoryURL>
    <InternalTags>SMP</InternalTags>
    <Maintainer>Michael Larabel</Maintainer>
  </TestProfile>
  <TestSettings>
    <Option>
      <DisplayName>Speed</DisplayName>
      <Identifier>cpu-used</Identifier>
      <Menu>
        <Entry>
          <Name>Speed 5</Name>
          <Value>--cpu-used=5</Value>
          <Message>Fastest - Default</Message>
        </Entry>
        <Entry>
          <Name>Speed 0</Name>
          <Value>--cpu-used=0</Value>
          <Message>Slowest</Message>
        </Entry>
      </Menu>
    </Option>
    <Option>
      <DisplayName>Input</DisplayName>
      <Identifier>input</Identifier>
      <Menu>
        <Entry>
          <Name>Bosphorus 1080p</Name>
          <Value>~/Bosphorus_1920x1080_120fps_420_8bit_YUV.yuv --width=1920 --height=1080</Value>
        </Entry>
        <Entry>
          <Name>Bosphorus 4K</Name>
          <Value>~/Bosphorus_3840x2160.y4m --width=3840 --height=2160</Value>
        </Entry>
      </Menu>
    </Option>
  </TestSettings>
</PhoronixTestSuite>
