<?xml version="1.0"?>
<!--Phoronix Test Suite v10.8.4-->
<PhoronixTestSuite>
  <TestInformation>
    <Title>Speedb</Title>
    <AppVersion>2.7</AppVersion>
    <Description>Speedb is a next-generation key value storage engine that is RocksDB compatible and aiming for stability, efficiency, and performance.</Description>
    <ResultScale>Op/s</ResultScale>
    <Proportion>HIB</Proportion>
    <TimesToRun>3</TimesToRun>
  </TestInformation>
  <TestProfile>
    <Version>1.0.1</Version>
    <SupportedPlatforms>Linux</SupportedPlatforms>
    <SoftwareType>Utility</SoftwareType>
    <TestType>System</TestType>
    <License>Free</License>
    <Status>Verified</Status>
    <ExternalDependencies>build-utilities, bc, gflags, cmake, snappy</ExternalDependencies>
    <EnvironmentSize>740</EnvironmentSize>
    <ProjectURL>https://www.speedb.io/</ProjectURL>
    <RepositoryURL>https://github.com/speedb-io/speedb</RepositoryURL>
    <Maintainer>Michael Larabel</Maintainer>
    <SystemDependencies>readline/history.h</SystemDependencies>
  </TestProfile>
  <TestSettings>
    <Option>
      <DisplayName>Test</DisplayName>
      <Identifier>test</Identifier>
      <Menu>
        <Entry>
          <Name>Sequential Fill</Name>
          <Value>--benchmarks="fillseq"</Value>
        </Entry>
        <Entry>
          <Name>Random Fill</Name>
          <Value>--benchmarks="fillrandom"</Value>
        </Entry>
        <Entry>
          <Name>Random Fill Sync</Name>
          <Value>--benchmarks="fillsync"</Value>
        </Entry>
        <Entry>
          <Name>Random Read</Name>
          <Value>--benchmarks="readrandom"</Value>
        </Entry>
        <Entry>
          <Name>Read While Writing</Name>
          <Value>--benchmarks="readwhilewriting"</Value>
        </Entry>
        <Entry>
          <Name>Read Random Write Random</Name>
          <Value>--benchmarks="readrandomwriterandom"</Value>
        </Entry>
        <Entry>
          <Name>Update Random</Name>
          <Value>--benchmarks="updaterandom"</Value>
        </Entry>
      </Menu>
    </Option>
  </TestSettings>
</PhoronixTestSuite>
