<?xml version="1.0"?>
<!--Phoronix Test Suite v10.8.1-->
<PhoronixTestSuite>
  <TestInformation>
    <Title>Timed Gem5 Compilation</Title>
    <AppVersion>21.2</AppVersion>
    <Description>This test times how long it takes to compile Gem5. Gem5 is a simulator for computer system architecture research. Gem5 is widely used for computer architecture research within the industry, academia, and more.</Description>
    <ResultScale>Seconds</ResultScale>
    <Proportion>LIB</Proportion>
    <SubTitle>Time To Compile</SubTitle>
    <TimesToRun>3</TimesToRun>
  </TestInformation>
  <TestProfile>
    <Version>1.0.0</Version>
    <SupportedPlatforms>Linux</SupportedPlatforms>
    <SoftwareType>Utility</SoftwareType>
    <TestType>Processor</TestType>
    <License>Free</License>
    <Status>Verified</Status>
    <ExternalDependencies>build-utilities, scons, python, zlib-development, protobuf, boost-development</ExternalDependencies>
    <EnvironmentSize>3100</EnvironmentSize>
    <ProjectURL>https://www.gem5.org/</ProjectURL>
    <RepositoryURL>https://gem5.googlesource.com/public/gem5</RepositoryURL>
    <InternalTags>SMP</InternalTags>
    <Maintainer>Michael Larabel</Maintainer>
    <SystemDependencies>scons, m4, gperftools/profiler.h, google/protobuf/compiler/parser.h, python3-config</SystemDependencies>
  </TestProfile>
</PhoronixTestSuite>
