<?xml version="1.0"?>
<!--Phoronix Test Suite v10.8.4-->
<PhoronixTestSuite>
  <TestInformation>
    <Title>Laghos</Title>
    <AppVersion>3.1</AppVersion>
    <Description>Laghos (LAGrangian High-Order Solver) is a miniapp that solves the time-dependent Euler equations of compressible gas dynamics in a moving Lagrangian frame using unstructured high-order finite element spatial discretization and explicit high-order time-stepping.</Description>
    <ResultScale>Major Kernels Total Rate</ResultScale>
    <Proportion>HIB</Proportion>
    <TimesToRun>3</TimesToRun>
  </TestInformation>
  <TestProfile>
    <Version>1.0.0</Version>
    <SupportedPlatforms>Linux</SupportedPlatforms>
    <SoftwareType>Scientific</SoftwareType>
    <TestType>Processor</TestType>
    <License>Free</License>
    <Status>Verified</Status>
    <ExternalDependencies>openmpi-development, cmake, build-utilities</ExternalDependencies>
    <EnvironmentSize>226</EnvironmentSize>
    <ProjectURL>https://ceed.exascaleproject.org/miniapps/</ProjectURL>
    <RepositoryURL>https://github.com/CEED/Laghos</RepositoryURL>
    <Maintainer>Michael Larabel</Maintainer>
  </TestProfile>
  <TestSettings>
    <Option>
      <DisplayName>Test</DisplayName>
      <Identifier>test</Identifier>
      <Menu>
        <Entry>
          <Name>Sedov Blast Wave, ube_922_hex.mesh</Name>
          <Value>-p 1 -m data/cube_922_hex.mesh -rs 2 -tf 0.6 -no-vis -pa</Value>
        </Entry>
        <Entry>
          <Name>Triple Point Problem</Name>
          <Value>-p 3 -m data/box01_hex.mesh -rs 2 -tf 5.0 -vis -pa</Value>
        </Entry>
      </Menu>
    </Option>
  </TestSettings>
</PhoronixTestSuite>
