<?xml version="1.0"?>
<!--Phoronix Test Suite v10.8.4-->
<PhoronixTestSuite>
  <TestInformation>
    <Title>Star Swarm Stress Test</Title>
    <Description>This is a benchmark of Star Swarm's Stress Test running under Steam Play (Proton) on Linux. The test profile assumes you have a Steam account and have Steam installed for the system. This automates the process of executing the game stress test.</Description>
    <ResultScale>Frames Per Second</ResultScale>
    <Proportion>HIB</Proportion>
    <TimesToRun>3</TimesToRun>
    <PreInstallMessage>This test will attempt to install the necessary game using your Steam account. If the test appears hung you may need to manually exit the Steam client.</PreInstallMessage>
  </TestInformation>
  <TestProfile>
    <Version>1.0.0</Version>
    <SupportedPlatforms>Linux</SupportedPlatforms>
    <SoftwareType>Game</SoftwareType>
    <TestType>Graphics</TestType>
    <License>Non-Free</License>
    <Status>Experimental</Status>
    <SupportedArchitectures>x86, x86_64</SupportedArchitectures>
    <ExternalDependencies>steam</ExternalDependencies>
    <RequiresDisplay>TRUE</RequiresDisplay>
    <EnvironmentSize>4</EnvironmentSize>
    <ProjectURL>https://store.steampowered.com/app/267130/Star_Swarm_Stress_Test/</ProjectURL>
    <Maintainer>Michael Larabel</Maintainer>
  </TestProfile>
  <TestSettings>
    <Option>
      <DisplayName>Resolution</DisplayName>
      <Identifier>auto-resolution</Identifier>
      <Menu>
        <Entry>
          <Name>$VIDEO_WIDTH x $VIDEO_HEIGHT</Name>
          <Value>$VIDEO_WIDTH $VIDEO_HEIGHT</Value>
        </Entry>
      </Menu>
    </Option>
    <Option>
      <DisplayName>Graphics Setting</DisplayName>
      <Identifier>graphics-setting</Identifier>
      <Menu>
        <Entry>
          <Name>Low</Name>
          <Value>Low</Value>
        </Entry>
        <Entry>
          <Name>Mid</Name>
          <Value>Mid</Value>
        </Entry>
        <Entry>
          <Name>High</Name>
          <Value>High</Value>
        </Entry>
        <Entry>
          <Name>Extreme</Name>
          <Value>Extreme</Value>
        </Entry>
      </Menu>
    </Option>
  </TestSettings>
</PhoronixTestSuite>
