<?xml version="1.0"?>
<!--Phoronix Test Suite v10.8.4-->
<PhoronixTestSuite>
  <TestInformation>
    <Title>OpenVKL</Title>
    <AppVersion>1.3.1</AppVersion>
    <Description>OpenVKL is the Intel Open Volume Kernel Library that offers high-performance volume computation kernels and part of the Intel oneAPI rendering toolkit.</Description>
    <ResultScale>Items / Sec</ResultScale>
    <Proportion>HIB</Proportion>
    <TimesToRun>3</TimesToRun>
  </TestInformation>
  <TestProfile>
    <Version>1.3.0</Version>
    <SupportedPlatforms>Linux, MacOSX</SupportedPlatforms>
    <SoftwareType>Utility</SoftwareType>
    <TestType>Processor</TestType>
    <License>Free</License>
    <Status>Verified</Status>
    <SupportedArchitectures>x86_64</SupportedArchitectures>
    <EnvironmentSize>560</EnvironmentSize>
    <ProjectURL>https://www.openvkl.org/</ProjectURL>
    <RepositoryURL>https://github.com/openvkl/openvkl/</RepositoryURL>
    <InternalTags>SMP</InternalTags>
    <Maintainer>Michael Larabel</Maintainer>
  </TestProfile>
  <TestSettings>
    <Default>
      <PostArguments>--benchmark_min_time=20</PostArguments>
    </Default>
    <Option>
      <DisplayName>Benchmark</DisplayName>
      <Identifier>benchmark</Identifier>
      <Menu>
        <Entry>
          <Name>vklBenchmark Scalar</Name>
          <Value>vklBenchmark --benchmark_filter=scalar</Value>
        </Entry>
        <Entry>
          <Name>vklBenchmark ISPC</Name>
          <Value>vklBenchmark --benchmark_filter=ispc</Value>
        </Entry>
      </Menu>
    </Option>
  </TestSettings>
</PhoronixTestSuite>
