<?xml version="1.0"?>
<!--Phoronix Test Suite v10.8.2-->
<PhoronixTestSuite>
  <TestInformation>
    <Title>dav1d</Title>
    <AppVersion>Git</AppVersion>
    <Description>Dav1d is an open-source, speedy AV1 video decoder. This test profile times how long it takes to decode sample AV1 video content. The git/dav1d test profile builds against current dav1d Git, for the static version use the pts/dav1d test profile.</Description>
    <ResultScale>FPS</ResultScale>
    <Proportion>HIB</Proportion>
    <TimesToRun>3</TimesToRun>
  </TestInformation>
  <TestProfile>
    <Version>1.1.0</Version>
    <SupportedPlatforms>Linux, BSD</SupportedPlatforms>
    <SoftwareType>Utility</SoftwareType>
    <TestType>Processor</TestType>
    <License>Free</License>
    <Status>Verified</Status>
    <ExternalDependencies>build-utilities, yasm, meson, git</ExternalDependencies>
    <EnvironmentSize>1200</EnvironmentSize>
    <ProjectURL>https://www.videolan.org/projects/dav1d.html</ProjectURL>
    <RepositoryURL>http://code.videolan.org/videolan/dav1d</RepositoryURL>
    <InternalTags>SMP</InternalTags>
    <Maintainer>Michael Larabel</Maintainer>
  </TestProfile>
  <TestSettings>
    <Default>
      <Arguments>--muxer null  </Arguments>
    </Default>
    <Option>
      <DisplayName>Video Input</DisplayName>
      <Identifier>video</Identifier>
      <ArgumentPrefix>-i </ArgumentPrefix>
      <Menu>
        <Entry>
          <Name>Summer Nature 1080p</Name>
          <Value>summer_nature_1080p.ivf</Value>
        </Entry>
        <Entry>
          <Name>Summer Nature 4K</Name>
          <Value>summer_nature_4k.ivf</Value>
        </Entry>
        <Entry>
          <Name>Chimera 1080p</Name>
          <Value>chimera_8b_1080p.ivf</Value>
        </Entry>
        <Entry>
          <Name>Chimera 1080p 10-bit</Name>
          <Value>chimera_10b_1080p.ivf</Value>
        </Entry>
      </Menu>
    </Option>
    <Option>
      <DisplayName>Threads</DisplayName>
      <Identifier>threads</Identifier>
      <ArgumentPrefix>--threads </ArgumentPrefix>
      <Menu>
        <Entry>
          <Name>1</Name>
          <Value>1</Value>
        </Entry>
        <Entry>
          <Name>4</Name>
          <Value>4</Value>
        </Entry>
        <Entry>
          <Name>8</Name>
          <Value>8</Value>
        </Entry>
        <Entry>
          <Name>16</Name>
          <Value>16</Value>
        </Entry>
        <Entry>
          <Name>32</Name>
          <Value>32</Value>
        </Entry>
        <Entry>
          <Name>64</Name>
          <Value>64</Value>
        </Entry>
        <Entry>
          <Name>128</Name>
          <Value>128</Value>
        </Entry>
        <Entry>
          <Name>160</Name>
          <Value>160</Value>
        </Entry>
        <Entry>
          <Name>256</Name>
          <Value>256</Value>
        </Entry>
        <Entry>
          <Name>384</Name>
          <Value>384</Value>
        </Entry>
      </Menu>
    </Option>
    <Option>
      <DisplayName>Frame Delay</DisplayName>
      <Identifier>frame-delay</Identifier>
      <ArgumentPrefix>--framedelay </ArgumentPrefix>
      <Menu>
        <Entry>
          <Name>1</Name>
          <Value>1</Value>
        </Entry>
        <Entry>
          <Name>4</Name>
          <Value>4</Value>
        </Entry>
        <Entry>
          <Name>8</Name>
          <Value>8</Value>
        </Entry>
        <Entry>
          <Name>12</Name>
          <Value>12</Value>
        </Entry>
        <Entry>
          <Name>16</Name>
          <Value>16</Value>
        </Entry>
        <Entry>
          <Name>24</Name>
          <Value>24</Value>
        </Entry>
        <Entry>
          <Name>32</Name>
          <Value>32</Value>
        </Entry>
        <Entry>
          <Name>64</Name>
          <Value>64</Value>
        </Entry>
      </Menu>
    </Option>
  </TestSettings>
</PhoronixTestSuite>
