<?xml version="1.0"?>
<!--Phoronix Test Suite v10.8.4-->
<PhoronixTestSuite>
  <TestInformation>
    <Title>C-Blosc</Title>
    <AppVersion>2.11</AppVersion>
    <Description>C-Blosc (c-blosc2) simple, compressed, fast and persistent data store library for C that focuses on compression of binary data.</Description>
    <ResultScale>MB/s</ResultScale>
    <Proportion>HIB</Proportion>
    <TimesToRun>3</TimesToRun>
  </TestInformation>
  <TestProfile>
    <Version>1.3.0</Version>
    <SupportedPlatforms>Linux, BSD</SupportedPlatforms>
    <SoftwareType>Benchmark</SoftwareType>
    <TestType>Processor</TestType>
    <License>Free</License>
    <Status>Verified</Status>
    <ExternalDependencies>build-utilities, cmake</ExternalDependencies>
    <EnvironmentSize>258</EnvironmentSize>
    <ProjectURL>https://blosc.org/</ProjectURL>
    <RepositoryURL>https://github.com/Blosc/c-blosc2</RepositoryURL>
    <Maintainer>Michael Larabel</Maintainer>
  </TestProfile>
  <TestSettings>
    <Option>
      <DisplayName>Test</DisplayName>
      <Identifier>test</Identifier>
      <Menu>
        <Entry>
          <Name>blosclz shuffle</Name>
          <Value>blosclz shuffle</Value>
        </Entry>
        <Entry>
          <Name>blosclz noshuffle</Name>
          <Value>blosclz noshuffle</Value>
        </Entry>
        <Entry>
          <Name>blosclz bitshuffle</Name>
          <Value>blosclz bitshuffle</Value>
        </Entry>
      </Menu>
    </Option>
    <Option>
      <DisplayName>Buffer Size</DisplayName>
      <Identifier>size</Identifier>
      <Menu>
        <Entry>
          <Name>8MB</Name>
          <Value>8388608</Value>
        </Entry>
        <Entry>
          <Name>16MB</Name>
          <Value>16777216</Value>
        </Entry>
        <Entry>
          <Name>32MB</Name>
          <Value>33554432</Value>
        </Entry>
        <Entry>
          <Name>64MB</Name>
          <Value>67108864</Value>
        </Entry>
        <Entry>
          <Name>128MB</Name>
          <Value>134217728</Value>
        </Entry>
        <Entry>
          <Name>256MB</Name>
          <Value>268435456</Value>
        </Entry>
      </Menu>
    </Option>
  </TestSettings>
</PhoronixTestSuite>
