<?xml version="1.0"?>
<!--Phoronix Test Suite v10.8.2-->
<PhoronixTestSuite>
  <TestInformation>
    <Title>speedtest-cli</Title>
    <AppVersion>2.1.3</AppVersion>
    <Description>This test profile uses  the open-source speedtest-cli client to benchmark your Internet connection's upload/download performance and latency against the Speedtest.net servers.</Description>
    <ResultScale>Mbit/s</ResultScale>
    <Proportion>HIB</Proportion>
    <TimesToRun>3</TimesToRun>
  </TestInformation>
  <TestProfile>
    <Version>1.0.0</Version>
    <SupportedPlatforms>Linux, BSD, MacOSX</SupportedPlatforms>
    <SoftwareType>Utility</SoftwareType>
    <TestType>Network</TestType>
    <License>Free</License>
    <Status>Verified</Status>
    <ExternalDependencies>python</ExternalDependencies>
    <RequiresNetwork>TRUE</RequiresNetwork>
    <RequiresInternet>TRUE</RequiresInternet>
    <EnvironmentSize>1</EnvironmentSize>
    <ProjectURL>https://www.speedtest.net/</ProjectURL>
    <RepositoryURL>https://github.com/sivel/speedtest-cli</RepositoryURL>
    <Maintainer>Michael Larabel</Maintainer>
  </TestProfile>
</PhoronixTestSuite>
