<?xml version="1.0"?>
<!--Phoronix Test Suite v10.8.4-->
<PhoronixTestSuite>
  <TestInformation>
    <Title>Geekbench</Title>
    <AppVersion>6.1</AppVersion>
    <Description>This is a benchmark of Geekbench 6 Pro. The test profile automates the execution of Geekbench 6 under the Phoronix Test Suite, assuming you have a valid license key for Geekbench 6 Pro. THIS TEST PROFILE WILL NOT WORK WITHOUT A VALID GEEKBENCH 6 PRO LICENSE KEY; test automation / CLI support is only available with the paid version of Geekbench.</Description>
    <ResultScale>Score</ResultScale>
    <Proportion>HIB</Proportion>
    <TimesToRun>3</TimesToRun>
    <PreInstallMessage>You must manually activate the Geekbench binary with your email/license key before this test profile / benchmark will work.</PreInstallMessage>
  </TestInformation>
  <TestProfile>
    <Version>6.1.0</Version>
    <SupportedPlatforms>Linux, Windows, MacOSX</SupportedPlatforms>
    <SoftwareType>Utility</SoftwareType>
    <TestType>System</TestType>
    <License>Retail</License>
    <Status>Verified</Status>
    <SupportedArchitectures>x86_64</SupportedArchitectures>
    <EnvironmentSize>566</EnvironmentSize>
    <ProjectURL>https://www.primatelabs.com/store/</ProjectURL>
    <Maintainer>Michael Larabel</Maintainer>
  </TestProfile>
  <TestSettings>
    <Default>
      <Arguments>--no-upload </Arguments>
    </Default>
    <Option>
      <DisplayName>Test</DisplayName>
      <Identifier>test</Identifier>
      <Menu>
        <Entry>
          <Name>CPU Single Core</Name>
          <Value>--single-core</Value>
        </Entry>
        <Entry>
          <Name>CPU Multi Core</Name>
          <Value>--multi-core</Value>
        </Entry>
        <Entry>
          <Name>GPU OpenCL</Name>
          <Value>--compute OpenCL</Value>
        </Entry>
        <Entry>
          <Name>GPU Apple Metal</Name>
          <Value>--compute Metal</Value>
        </Entry>
        <Entry>
          <Name>GPU NVIDIA CUDA</Name>
          <Value>--compute CUDA</Value>
        </Entry>
        <Entry>
          <Name>GPU Vulkan</Name>
          <Value>--compute Vulkan</Value>
        </Entry>
      </Menu>
    </Option>
  </TestSettings>
</PhoronixTestSuite>
